{"/Users/ss/bizlink_dev/proworks-app/app/api/applications/route.ts": {"path":"/Users/ss/bizlink_dev/proworks-app/app/api/applications/route.ts","statementMap":{"0":{"start":{"line":6,"column":13},"end":{"line":6,"column":20}},"1":{"start":{"line":1,"column":42},"end":{"line":1,"column":null}},"2":{"start":{"line":2,"column":27},"end":{"line":2,"column":null}},"3":{"start":{"line":3,"column":27},"end":{"line":3,"column":null}},"4":{"start":{"line":4,"column":61},"end":{"line":4,"column":null}},"5":{"start":{"line":6,"column":20},"end":{"line":52,"column":null}},"6":{"start":{"line":7,"column":2},"end":{"line":51,"column":null}},"7":{"start":{"line":8,"column":20},"end":{"line":8,"column":null}},"8":{"start":{"line":10,"column":2},"end":{"line":12,"column":null}},"9":{"start":{"line":11,"column":6},"end":{"line":11,"column":null}},"10":{"start":{"line":14,"column":17},"end":{"line":14,"column":null}},"11":{"start":{"line":15,"column":22},"end":{"line":15,"column":null}},"12":{"start":{"line":18,"column":16},"end":{"line":18,"column":null}},"13":{"start":{"line":20,"column":4},"end":{"line":22,"column":null}},"14":{"start":{"line":21,"column":6},"end":{"line":21,"column":null}},"15":{"start":{"line":25,"column":24},"end":{"line":25,"column":null}},"16":{"start":{"line":27,"column":4},"end":{"line":29,"column":null}},"17":{"start":{"line":28,"column":6},"end":{"line":28,"column":null}},"18":{"start":{"line":32,"column":26},"end":{"line":35,"column":null}},"19":{"start":{"line":37,"column":4},"end":{"line":43,"column":null}},"20":{"start":{"line":46,"column":4},"end":{"line":46,"column":null}},"21":{"start":{"line":47,"column":4},"end":{"line":49,"column":null}}},"fnMap":{"0":{"name":"(anonymous_1)","decl":{"start":{"line":6,"column":20},"end":{"line":6,"column":27}},"loc":{"start":{"line":6,"column":27},"end":{"line":52,"column":null}}}},"branchMap":{"0":{"loc":{"start":{"line":10,"column":2},"end":{"line":12,"column":null}},"type":"if","locations":[{"start":{"line":10,"column":2},"end":{"line":12,"column":null}}]},"1":{"loc":{"start":{"line":20,"column":4},"end":{"line":22,"column":null}},"type":"if","locations":[{"start":{"line":20,"column":4},"end":{"line":22,"column":null}}]},"2":{"loc":{"start":{"line":27,"column":4},"end":{"line":29,"column":null}},"type":"if","locations":[{"start":{"line":27,"column":4},"end":{"line":29,"column":null}}]}},"s":{"0":0,"1":0,"2":0,"3":0,"4":0,"5":0,"6":0,"7":0,"8":0,"9":0,"10":0,"11":0,"12":0,"13":0,"14":0,"15":0,"16":0,"17":0,"18":0,"19":0,"20":0,"21":0},"f":{"0":0},"b":{"0":[0],"1":[0],"2":[0]}}
,"/Users/ss/bizlink_dev/proworks-app/app/api/applications/me/route.ts": {"path":"/Users/ss/bizlink_dev/proworks-app/app/api/applications/me/route.ts","statementMap":{"0":{"start":{"line":6,"column":13},"end":{"line":6,"column":19}},"1":{"start":{"line":1,"column":29},"end":{"line":1,"column":null}},"2":{"start":{"line":2,"column":27},"end":{"line":2,"column":null}},"3":{"start":{"line":3,"column":44},"end":{"line":3,"column":null}},"4":{"start":{"line":4,"column":27},"end":{"line":4,"column":null}},"5":{"start":{"line":6,"column":19},"end":{"line":36,"column":null}},"6":{"start":{"line":7,"column":2},"end":{"line":35,"column":null}},"7":{"start":{"line":8,"column":20},"end":{"line":8,"column":null}},"8":{"start":{"line":10,"column":4},"end":{"line":12,"column":null}},"9":{"start":{"line":11,"column":6},"end":{"line":11,"column":null}},"10":{"start":{"line":15,"column":25},"end":{"line":15,"column":null}},"11":{"start":{"line":18,"column":33},"end":{"line":25,"column":null}},"12":{"start":{"line":20,"column":20},"end":{"line":20,"column":null}},"13":{"start":{"line":21,"column":8},"end":{"line":24,"column":null}},"14":{"start":{"line":28,"column":4},"end":{"line":28,"column":null}},"15":{"start":{"line":30,"column":4},"end":{"line":30,"column":null}},"16":{"start":{"line":31,"column":4},"end":{"line":33,"column":null}}},"fnMap":{"0":{"name":"(anonymous_1)","decl":{"start":{"line":6,"column":19},"end":{"line":6,"column":null}},"loc":{"start":{"line":6,"column":19},"end":{"line":36,"column":null}}},"1":{"name":"(anonymous_2)","decl":{"start":{"line":19,"column":23},"end":{"line":19,"column":30}},"loc":{"start":{"line":19,"column":30},"end":{"line":25,"column":null}}}},"branchMap":{"0":{"loc":{"start":{"line":10,"column":4},"end":{"line":12,"column":null}},"type":"if","locations":[{"start":{"line":10,"column":4},"end":{"line":12,"column":null}}]},"1":{"loc":{"start":{"line":23,"column":15},"end":{"line":23,"column":null}},"type":"binary-expr","locations":[{"start":{"line":23,"column":15},"end":{"line":23,"column":22}},{"start":{"line":23,"column":22},"end":{"line":23,"column":null}}]}},"s":{"0":0,"1":0,"2":0,"3":0,"4":0,"5":0,"6":0,"7":0,"8":0,"9":0,"10":0,"11":0,"12":0,"13":0,"14":0,"15":0,"16":0},"f":{"0":0,"1":0},"b":{"0":[0],"1":[0,0]}}
,"/Users/ss/bizlink_dev/proworks-app/app/api/auth/[...all]/route.ts": {"path":"/Users/ss/bizlink_dev/proworks-app/app/api/auth/[...all]/route.ts","statementMap":{"0":{"start":{"line":4,"column":15},"end":{"line":4,"column":18}},"1":{"start":{"line":4,"column":20},"end":{"line":4,"column":24}},"2":{"start":{"line":1,"column":21},"end":{"line":1,"column":null}},"3":{"start":{"line":2,"column":32},"end":{"line":2,"column":null}},"4":{"start":{"line":4,"column":29},"end":{"line":4,"column":null}}},"fnMap":{},"branchMap":{},"s":{"0":0,"1":0,"2":0,"3":0,"4":0},"f":{},"b":{}}
,"/Users/ss/bizlink_dev/proworks-app/app/api/auth/callback/route.ts": {"path":"/Users/ss/bizlink_dev/proworks-app/app/api/auth/callback/route.ts","statementMap":{"0":{"start":{"line":5,"column":13},"end":{"line":5,"column":19}},"1":{"start":{"line":1,"column":42},"end":{"line":1,"column":null}},"2":{"start":{"line":2,"column":27},"end":{"line":2,"column":null}},"3":{"start":{"line":3,"column":52},"end":{"line":3,"column":null}},"4":{"start":{"line":5,"column":19},"end":{"line":44,"column":null}},"5":{"start":{"line":6,"column":2},"end":{"line":43,"column":null}},"6":{"start":{"line":7,"column":20},"end":{"line":7,"column":null}},"7":{"start":{"line":9,"column":4},"end":{"line":12,"column":null}},"8":{"start":{"line":10,"column":6},"end":{"line":10,"column":null}},"9":{"start":{"line":11,"column":6},"end":{"line":11,"column":null}},"10":{"start":{"line":14,"column":4},"end":{"line":14,"column":null}},"11":{"start":{"line":17,"column":27},"end":{"line":17,"column":null}},"12":{"start":{"line":19,"column":4},"end":{"line":36,"column":null}},"13":{"start":{"line":21,"column":6},"end":{"line":33,"column":null}},"14":{"start":{"line":22,"column":8},"end":{"line":29,"column":null}},"15":{"start":{"line":30,"column":8},"end":{"line":30,"column":null}},"16":{"start":{"line":32,"column":8},"end":{"line":32,"column":null}},"17":{"start":{"line":35,"column":6},"end":{"line":35,"column":null}},"18":{"start":{"line":39,"column":4},"end":{"line":39,"column":null}},"19":{"start":{"line":41,"column":4},"end":{"line":41,"column":null}},"20":{"start":{"line":42,"column":4},"end":{"line":42,"column":null}}},"fnMap":{"0":{"name":"(anonymous_1)","decl":{"start":{"line":5,"column":19},"end":{"line":5,"column":26}},"loc":{"start":{"line":5,"column":26},"end":{"line":44,"column":null}}}},"branchMap":{"0":{"loc":{"start":{"line":9,"column":4},"end":{"line":12,"column":null}},"type":"if","locations":[{"start":{"line":9,"column":4},"end":{"line":12,"column":null}}]},"1":{"loc":{"start":{"line":9,"column":8},"end":{"line":9,"column":53}},"type":"binary-expr","locations":[{"start":{"line":9,"column":8},"end":{"line":9,"column":30}},{"start":{"line":9,"column":30},"end":{"line":9,"column":53}}]},"2":{"loc":{"start":{"line":19,"column":4},"end":{"line":36,"column":null}},"type":"if","locations":[{"start":{"line":19,"column":4},"end":{"line":36,"column":null}},{"start":{"line":34,"column":11},"end":{"line":36,"column":null}}]}},"s":{"0":0,"1":0,"2":0,"3":0,"4":0,"5":0,"6":0,"7":0,"8":0,"9":0,"10":0,"11":0,"12":0,"13":0,"14":0,"15":0,"16":0,"17":0,"18":0,"19":0,"20":0},"f":{"0":0},"b":{"0":[0],"1":[0,0],"2":[0,0]}}
,"/Users/ss/bizlink_dev/proworks-app/app/api/auth/change-email/route.ts": {"path":"/Users/ss/bizlink_dev/proworks-app/app/api/auth/change-email/route.ts","statementMap":{"0":{"start":{"line":16,"column":13},"end":{"line":16,"column":20}},"1":{"start":{"line":1,"column":42},"end":{"line":1,"column":null}},"2":{"start":{"line":2,"column":27},"end":{"line":2,"column":null}},"3":{"start":{"line":4,"column":24},"end":{"line":4,"column":null}},"4":{"start":{"line":5,"column":21},"end":{"line":5,"column":null}},"5":{"start":{"line":6,"column":24},"end":{"line":6,"column":null}},"6":{"start":{"line":7,"column":24},"end":{"line":7,"column":null}},"7":{"start":{"line":8,"column":17},"end":{"line":8,"column":null}},"8":{"start":{"line":9,"column":28},"end":{"line":9,"column":null}},"9":{"start":{"line":12,"column":15},"end":{"line":12,"column":null}},"10":{"start":{"line":13,"column":15},"end":{"line":13,"column":null}},"11":{"start":{"line":14,"column":11},"end":{"line":14,"column":null}},"12":{"start":{"line":16,"column":20},"end":{"line":151,"column":null}},"13":{"start":{"line":17,"column":2},"end":{"line":150,"column":null}},"14":{"start":{"line":18,"column":20},"end":{"line":18,"column":null}},"15":{"start":{"line":19,"column":4},"end":{"line":19,"column":null}},"16":{"start":{"line":21,"column":4},"end":{"line":27,"column":null}},"17":{"start":{"line":22,"column":6},"end":{"line":22,"column":null}},"18":{"start":{"line":23,"column":6},"end":{"line":25,"column":null}},"19":{"start":{"line":29,"column":17},"end":{"line":29,"column":null}},"20":{"start":{"line":30,"column":42},"end":{"line":30,"column":null}},"21":{"start":{"line":31,"column":4},"end":{"line":31,"column":null}},"22":{"start":{"line":33,"column":4},"end":{"line":39,"column":null}},"23":{"start":{"line":34,"column":6},"end":{"line":34,"column":null}},"24":{"start":{"line":35,"column":6},"end":{"line":37,"column":null}},"25":{"start":{"line":42,"column":23},"end":{"line":42,"column":null}},"26":{"start":{"line":43,"column":4},"end":{"line":48,"column":null}},"27":{"start":{"line":44,"column":6},"end":{"line":46,"column":null}},"28":{"start":{"line":51,"column":4},"end":{"line":56,"column":null}},"29":{"start":{"line":52,"column":6},"end":{"line":54,"column":null}},"30":{"start":{"line":59,"column":25},"end":{"line":61,"column":null}},"31":{"start":{"line":63,"column":4},"end":{"line":68,"column":null}},"32":{"start":{"line":64,"column":6},"end":{"line":66,"column":null}},"33":{"start":{"line":72,"column":4},"end":{"line":72,"column":null}},"34":{"start":{"line":74,"column":4},"end":{"line":102,"column":null}},"35":{"start":{"line":76,"column":32},"end":{"line":83,"column":null}},"36":{"start":{"line":85,"column":28},"end":{"line":85,"column":null}},"37":{"start":{"line":87,"column":6},"end":{"line":93,"column":null}},"38":{"start":{"line":88,"column":8},"end":{"line":88,"column":null}},"39":{"start":{"line":89,"column":8},"end":{"line":91,"column":null}},"40":{"start":{"line":95,"column":6},"end":{"line":95,"column":null}},"41":{"start":{"line":97,"column":6},"end":{"line":97,"column":null}},"42":{"start":{"line":98,"column":6},"end":{"line":100,"column":null}},"43":{"start":{"line":105,"column":18},"end":{"line":105,"column":null}},"44":{"start":{"line":106,"column":22},"end":{"line":106,"column":61}},"45":{"start":{"line":109,"column":4},"end":{"line":116,"column":null}},"46":{"start":{"line":119,"column":28},"end":{"line":119,"column":168}},"47":{"start":{"line":121,"column":4},"end":{"line":134,"column":null}},"48":{"start":{"line":122,"column":6},"end":{"line":122,"column":null}},"49":{"start":{"line":123,"column":6},"end":{"line":123,"column":null}},"50":{"start":{"line":124,"column":6},"end":{"line":124,"column":null}},"51":{"start":{"line":125,"column":6},"end":{"line":125,"column":null}},"52":{"start":{"line":126,"column":6},"end":{"line":126,"column":null}},"53":{"start":{"line":127,"column":6},"end":{"line":127,"column":null}},"54":{"start":{"line":128,"column":6},"end":{"line":128,"column":null}},"55":{"start":{"line":129,"column":6},"end":{"line":129,"column":null}},"56":{"start":{"line":130,"column":6},"end":{"line":130,"column":null}},"57":{"start":{"line":131,"column":6},"end":{"line":131,"column":null}},"58":{"start":{"line":132,"column":6},"end":{"line":132,"column":null}},"59":{"start":{"line":133,"column":6},"end":{"line":133,"column":null}},"60":{"start":{"line":138,"column":4},"end":{"line":138,"column":null}},"61":{"start":{"line":140,"column":4},"end":{"line":142,"column":null}},"62":{"start":{"line":145,"column":4},"end":{"line":145,"column":null}},"63":{"start":{"line":146,"column":4},"end":{"line":148,"column":null}}},"fnMap":{"0":{"name":"(anonymous_5)","decl":{"start":{"line":16,"column":20},"end":{"line":16,"column":27}},"loc":{"start":{"line":16,"column":27},"end":{"line":151,"column":null}}}},"branchMap":{"0":{"loc":{"start":{"line":21,"column":4},"end":{"line":27,"column":null}},"type":"if","locations":[{"start":{"line":21,"column":4},"end":{"line":27,"column":null}}]},"1":{"loc":{"start":{"line":21,"column":8},"end":{"line":21,"column":53}},"type":"binary-expr","locations":[{"start":{"line":21,"column":8},"end":{"line":21,"column":30}},{"start":{"line":21,"column":30},"end":{"line":21,"column":53}}]},"2":{"loc":{"start":{"line":33,"column":4},"end":{"line":39,"column":null}},"type":"if","locations":[{"start":{"line":33,"column":4},"end":{"line":39,"column":null}}]},"3":{"loc":{"start":{"line":33,"column":8},"end":{"line":33,"column":39}},"type":"binary-expr","locations":[{"start":{"line":33,"column":8},"end":{"line":33,"column":28}},{"start":{"line":33,"column":28},"end":{"line":33,"column":39}}]},"4":{"loc":{"start":{"line":43,"column":4},"end":{"line":48,"column":null}},"type":"if","locations":[{"start":{"line":43,"column":4},"end":{"line":48,"column":null}}]},"5":{"loc":{"start":{"line":51,"column":4},"end":{"line":56,"column":null}},"type":"if","locations":[{"start":{"line":51,"column":4},"end":{"line":56,"column":null}}]},"6":{"loc":{"start":{"line":63,"column":4},"end":{"line":68,"column":null}},"type":"if","locations":[{"start":{"line":63,"column":4},"end":{"line":68,"column":null}}]},"7":{"loc":{"start":{"line":87,"column":6},"end":{"line":93,"column":null}},"type":"if","locations":[{"start":{"line":87,"column":6},"end":{"line":93,"column":null}}]},"8":{"loc":{"start":{"line":87,"column":10},"end":{"line":87,"column":54}},"type":"binary-expr","locations":[{"start":{"line":87,"column":10},"end":{"line":87,"column":31}},{"start":{"line":87,"column":35},"end":{"line":87,"column":54}}]},"9":{"loc":{"start":{"line":121,"column":4},"end":{"line":134,"column":null}},"type":"if","locations":[{"start":{"line":121,"column":4},"end":{"line":134,"column":null}}]}},"s":{"0":0,"1":0,"2":0,"3":0,"4":0,"5":0,"6":0,"7":0,"8":0,"9":0,"10":0,"11":0,"12":0,"13":0,"14":0,"15":0,"16":0,"17":0,"18":0,"19":0,"20":0,"21":0,"22":0,"23":0,"24":0,"25":0,"26":0,"27":0,"28":0,"29":0,"30":0,"31":0,"32":0,"33":0,"34":0,"35":0,"36":0,"37":0,"38":0,"39":0,"40":0,"41":0,"42":0,"43":0,"44":0,"45":0,"46":0,"47":0,"48":0,"49":0,"50":0,"51":0,"52":0,"53":0,"54":0,"55":0,"56":0,"57":0,"58":0,"59":0,"60":0,"61":0,"62":0,"63":0},"f":{"0":0},"b":{"0":[0],"1":[0,0],"2":[0],"3":[0,0],"4":[0],"5":[0],"6":[0],"7":[0],"8":[0,0],"9":[0]}}
,"/Users/ss/bizlink_dev/proworks-app/app/api/auth/change-password/route.ts": {"path":"/Users/ss/bizlink_dev/proworks-app/app/api/auth/change-password/route.ts","statementMap":{"0":{"start":{"line":5,"column":13},"end":{"line":5,"column":20}},"1":{"start":{"line":1,"column":42},"end":{"line":1,"column":null}},"2":{"start":{"line":2,"column":21},"end":{"line":2,"column":null}},"3":{"start":{"line":3,"column":24},"end":{"line":3,"column":null}},"4":{"start":{"line":5,"column":20},"end":{"line":65,"column":null}},"5":{"start":{"line":6,"column":2},"end":{"line":64,"column":null}},"6":{"start":{"line":7,"column":17},"end":{"line":7,"column":null}},"7":{"start":{"line":8,"column":45},"end":{"line":8,"column":null}},"8":{"start":{"line":10,"column":4},"end":{"line":15,"column":null}},"9":{"start":{"line":11,"column":6},"end":{"line":13,"column":null}},"10":{"start":{"line":17,"column":4},"end":{"line":22,"column":null}},"11":{"start":{"line":18,"column":6},"end":{"line":20,"column":null}},"12":{"start":{"line":25,"column":19},"end":{"line":31,"column":null}},"13":{"start":{"line":33,"column":4},"end":{"line":38,"column":null}},"14":{"start":{"line":34,"column":6},"end":{"line":36,"column":null}},"15":{"start":{"line":40,"column":4},"end":{"line":40,"column":null}},"16":{"start":{"line":42,"column":4},"end":{"line":44,"column":null}},"17":{"start":{"line":47,"column":4},"end":{"line":47,"column":null}},"18":{"start":{"line":50,"column":25},"end":{"line":50,"column":null}},"19":{"start":{"line":53,"column":26},"end":{"line":53,"column":null}},"20":{"start":{"line":54,"column":4},"end":{"line":58,"column":null}},"21":{"start":{"line":55,"column":6},"end":{"line":55,"column":null}},"22":{"start":{"line":56,"column":11},"end":{"line":58,"column":null}},"23":{"start":{"line":57,"column":6},"end":{"line":57,"column":null}},"24":{"start":{"line":60,"column":4},"end":{"line":62,"column":null}}},"fnMap":{"0":{"name":"(anonymous_1)","decl":{"start":{"line":5,"column":20},"end":{"line":5,"column":27}},"loc":{"start":{"line":5,"column":27},"end":{"line":65,"column":null}}}},"branchMap":{"0":{"loc":{"start":{"line":10,"column":4},"end":{"line":15,"column":null}},"type":"if","locations":[{"start":{"line":10,"column":4},"end":{"line":15,"column":null}}]},"1":{"loc":{"start":{"line":10,"column":8},"end":{"line":10,"column":42}},"type":"binary-expr","locations":[{"start":{"line":10,"column":8},"end":{"line":10,"column":28}},{"start":{"line":10,"column":28},"end":{"line":10,"column":42}}]},"2":{"loc":{"start":{"line":17,"column":4},"end":{"line":22,"column":null}},"type":"if","locations":[{"start":{"line":17,"column":4},"end":{"line":22,"column":null}}]},"3":{"loc":{"start":{"line":33,"column":4},"end":{"line":38,"column":null}},"type":"if","locations":[{"start":{"line":33,"column":4},"end":{"line":38,"column":null}}]},"4":{"loc":{"start":{"line":50,"column":25},"end":{"line":50,"column":null}},"type":"binary-expr","locations":[{"start":{"line":50,"column":25},"end":{"line":50,"column":43}},{"start":{"line":50,"column":43},"end":{"line":50,"column":null}}]},"5":{"loc":{"start":{"line":54,"column":4},"end":{"line":58,"column":null}},"type":"if","locations":[{"start":{"line":54,"column":4},"end":{"line":58,"column":null}},{"start":{"line":56,"column":11},"end":{"line":58,"column":null}}]},"6":{"loc":{"start":{"line":54,"column":8},"end":{"line":54,"column":98}},"type":"binary-expr","locations":[{"start":{"line":54,"column":8},"end":{"line":54,"column":53}},{"start":{"line":54,"column":53},"end":{"line":54,"column":98}}]},"7":{"loc":{"start":{"line":56,"column":11},"end":{"line":58,"column":null}},"type":"if","locations":[{"start":{"line":56,"column":11},"end":{"line":58,"column":null}}]}},"s":{"0":0,"1":0,"2":0,"3":0,"4":0,"5":0,"6":0,"7":0,"8":0,"9":0,"10":0,"11":0,"12":0,"13":0,"14":0,"15":0,"16":0,"17":0,"18":0,"19":0,"20":0,"21":0,"22":0,"23":0,"24":0},"f":{"0":0},"b":{"0":[0],"1":[0,0],"2":[0],"3":[0],"4":[0,0],"5":[0,0],"6":[0,0],"7":[0]}}
,"/Users/ss/bizlink_dev/proworks-app/app/api/auth/forgot-password/route.ts": {"path":"/Users/ss/bizlink_dev/proworks-app/app/api/auth/forgot-password/route.ts","statementMap":{"0":{"start":{"line":4,"column":13},"end":{"line":4,"column":20}},"1":{"start":{"line":1,"column":42},"end":{"line":1,"column":null}},"2":{"start":{"line":4,"column":20},"end":{"line":50,"column":null}},"3":{"start":{"line":5,"column":2},"end":{"line":49,"column":null}},"4":{"start":{"line":6,"column":17},"end":{"line":6,"column":null}},"5":{"start":{"line":7,"column":22},"end":{"line":7,"column":null}},"6":{"start":{"line":9,"column":4},"end":{"line":14,"column":null}},"7":{"start":{"line":10,"column":6},"end":{"line":12,"column":null}},"8":{"start":{"line":17,"column":4},"end":{"line":28,"column":null}},"9":{"start":{"line":19,"column":25},"end":{"line":19,"column":null}},"10":{"start":{"line":20,"column":23},"end":{"line":20,"column":99}},"11":{"start":{"line":22,"column":6},"end":{"line":22,"column":null}},"12":{"start":{"line":23,"column":6},"end":{"line":23,"column":null}},"13":{"start":{"line":24,"column":6},"end":{"line":24,"column":null}},"14":{"start":{"line":25,"column":6},"end":{"line":25,"column":null}},"15":{"start":{"line":26,"column":6},"end":{"line":26,"column":null}},"16":{"start":{"line":27,"column":6},"end":{"line":27,"column":null}},"17":{"start":{"line":39,"column":4},"end":{"line":41,"column":null}},"18":{"start":{"line":44,"column":4},"end":{"line":44,"column":null}},"19":{"start":{"line":45,"column":4},"end":{"line":47,"column":null}}},"fnMap":{"0":{"name":"(anonymous_1)","decl":{"start":{"line":4,"column":20},"end":{"line":4,"column":27}},"loc":{"start":{"line":4,"column":27},"end":{"line":50,"column":null}}}},"branchMap":{"0":{"loc":{"start":{"line":9,"column":4},"end":{"line":14,"column":null}},"type":"if","locations":[{"start":{"line":9,"column":4},"end":{"line":14,"column":null}}]},"1":{"loc":{"start":{"line":17,"column":4},"end":{"line":28,"column":null}},"type":"if","locations":[{"start":{"line":17,"column":4},"end":{"line":28,"column":null}}]}},"s":{"0":0,"1":0,"2":0,"3":0,"4":0,"5":0,"6":0,"7":0,"8":0,"9":0,"10":0,"11":0,"12":0,"13":0,"14":0,"15":0,"16":0,"17":0,"18":0,"19":0},"f":{"0":0},"b":{"0":[0],"1":[0]}}
,"/Users/ss/bizlink_dev/proworks-app/app/api/auth/reset-password/route.ts": {"path":"/Users/ss/bizlink_dev/proworks-app/app/api/auth/reset-password/route.ts","statementMap":{"0":{"start":{"line":13,"column":13},"end":{"line":13,"column":20}},"1":{"start":{"line":1,"column":42},"end":{"line":1,"column":null}},"2":{"start":{"line":2,"column":24},"end":{"line":2,"column":null}},"3":{"start":{"line":3,"column":21},"end":{"line":3,"column":null}},"4":{"start":{"line":4,"column":19},"end":{"line":4,"column":null}},"5":{"start":{"line":5,"column":24},"end":{"line":5,"column":null}},"6":{"start":{"line":6,"column":19},"end":{"line":6,"column":null}},"7":{"start":{"line":7,"column":17},"end":{"line":7,"column":null}},"8":{"start":{"line":9,"column":15},"end":{"line":9,"column":null}},"9":{"start":{"line":10,"column":15},"end":{"line":10,"column":null}},"10":{"start":{"line":11,"column":11},"end":{"line":11,"column":null}},"11":{"start":{"line":13,"column":20},"end":{"line":70,"column":null}},"12":{"start":{"line":14,"column":2},"end":{"line":69,"column":null}},"13":{"start":{"line":15,"column":17},"end":{"line":15,"column":null}},"14":{"start":{"line":16,"column":32},"end":{"line":16,"column":null}},"15":{"start":{"line":18,"column":4},"end":{"line":23,"column":null}},"16":{"start":{"line":19,"column":6},"end":{"line":21,"column":null}},"17":{"start":{"line":26,"column":20},"end":{"line":26,"column":null}},"18":{"start":{"line":27,"column":20},"end":{"line":27,"column":null}},"19":{"start":{"line":29,"column":4},"end":{"line":34,"column":null}},"20":{"start":{"line":30,"column":6},"end":{"line":32,"column":null}},"21":{"start":{"line":37,"column":17},"end":{"line":39,"column":null}},"22":{"start":{"line":41,"column":4},"end":{"line":46,"column":null}},"23":{"start":{"line":42,"column":6},"end":{"line":44,"column":null}},"24":{"start":{"line":49,"column":27},"end":{"line":49,"column":null}},"25":{"start":{"line":52,"column":4},"end":{"line":55,"column":null}},"26":{"start":{"line":57,"column":4},"end":{"line":57,"column":null}},"27":{"start":{"line":59,"column":4},"end":{"line":61,"column":null}},"28":{"start":{"line":64,"column":4},"end":{"line":64,"column":null}},"29":{"start":{"line":65,"column":4},"end":{"line":67,"column":null}}},"fnMap":{"0":{"name":"(anonymous_5)","decl":{"start":{"line":13,"column":20},"end":{"line":13,"column":27}},"loc":{"start":{"line":13,"column":27},"end":{"line":70,"column":null}}}},"branchMap":{"0":{"loc":{"start":{"line":18,"column":4},"end":{"line":23,"column":null}},"type":"if","locations":[{"start":{"line":18,"column":4},"end":{"line":23,"column":null}}]},"1":{"loc":{"start":{"line":18,"column":8},"end":{"line":18,"column":29}},"type":"binary-expr","locations":[{"start":{"line":18,"column":8},"end":{"line":18,"column":18}},{"start":{"line":18,"column":18},"end":{"line":18,"column":29}}]},"2":{"loc":{"start":{"line":29,"column":4},"end":{"line":34,"column":null}},"type":"if","locations":[{"start":{"line":29,"column":4},"end":{"line":34,"column":null}}]},"3":{"loc":{"start":{"line":41,"column":4},"end":{"line":46,"column":null}},"type":"if","locations":[{"start":{"line":41,"column":4},"end":{"line":46,"column":null}}]}},"s":{"0":0,"1":0,"2":0,"3":0,"4":0,"5":0,"6":0,"7":0,"8":0,"9":0,"10":0,"11":0,"12":0,"13":0,"14":0,"15":0,"16":0,"17":0,"18":0,"19":0,"20":0,"21":0,"22":0,"23":0,"24":0,"25":0,"26":0,"27":0,"28":0,"29":0},"f":{"0":0},"b":{"0":[0],"1":[0,0],"2":[0],"3":[0]}}
,"/Users/ss/bizlink_dev/proworks-app/app/api/auth/signup-with-email/route.ts": {"path":"/Users/ss/bizlink_dev/proworks-app/app/api/auth/signup-with-email/route.ts","statementMap":{"0":{"start":{"line":5,"column":13},"end":{"line":5,"column":20}},"1":{"start":{"line":1,"column":42},"end":{"line":1,"column":null}},"2":{"start":{"line":2,"column":45},"end":{"line":2,"column":null}},"3":{"start":{"line":3,"column":24},"end":{"line":3,"column":null}},"4":{"start":{"line":5,"column":20},"end":{"line":59,"column":null}},"5":{"start":{"line":6,"column":2},"end":{"line":58,"column":null}},"6":{"start":{"line":7,"column":17},"end":{"line":7,"column":null}},"7":{"start":{"line":8,"column":22},"end":{"line":8,"column":null}},"8":{"start":{"line":10,"column":4},"end":{"line":15,"column":null}},"9":{"start":{"line":11,"column":6},"end":{"line":13,"column":null}},"10":{"start":{"line":18,"column":27},"end":{"line":18,"column":null}},"11":{"start":{"line":20,"column":4},"end":{"line":20,"column":null}},"12":{"start":{"line":21,"column":4},"end":{"line":21,"column":null}},"13":{"start":{"line":24,"column":4},"end":{"line":31,"column":null}},"14":{"start":{"line":33,"column":4},"end":{"line":33,"column":null}},"15":{"start":{"line":34,"column":4},"end":{"line":34,"column":null}},"16":{"start":{"line":36,"column":4},"end":{"line":41,"column":null}},"17":{"start":{"line":44,"column":4},"end":{"line":44,"column":null}},"18":{"start":{"line":47,"column":4},"end":{"line":52,"column":null}},"19":{"start":{"line":48,"column":6},"end":{"line":50,"column":null}},"20":{"start":{"line":54,"column":4},"end":{"line":56,"column":null}}},"fnMap":{"0":{"name":"(anonymous_1)","decl":{"start":{"line":5,"column":20},"end":{"line":5,"column":27}},"loc":{"start":{"line":5,"column":27},"end":{"line":59,"column":null}}}},"branchMap":{"0":{"loc":{"start":{"line":10,"column":4},"end":{"line":15,"column":null}},"type":"if","locations":[{"start":{"line":10,"column":4},"end":{"line":15,"column":null}}]},"1":{"loc":{"start":{"line":47,"column":4},"end":{"line":52,"column":null}},"type":"if","locations":[{"start":{"line":47,"column":4},"end":{"line":52,"column":null}}]},"2":{"loc":{"start":{"line":47,"column":8},"end":{"line":47,"column":117}},"type":"binary-expr","locations":[{"start":{"line":47,"column":8},"end":{"line":47,"column":44}},{"start":{"line":47,"column":44},"end":{"line":47,"column":81}},{"start":{"line":47,"column":81},"end":{"line":47,"column":117}}]}},"s":{"0":0,"1":0,"2":0,"3":0,"4":0,"5":0,"6":0,"7":0,"8":0,"9":0,"10":0,"11":0,"12":0,"13":0,"14":0,"15":0,"16":0,"17":0,"18":0,"19":0,"20":0},"f":{"0":0},"b":{"0":[0],"1":[0],"2":[0,0,0]}}
,"/Users/ss/bizlink_dev/proworks-app/app/api/auth/verify-email-change/route.ts": {"path":"/Users/ss/bizlink_dev/proworks-app/app/api/auth/verify-email-change/route.ts","statementMap":{"0":{"start":{"line":12,"column":13},"end":{"line":12,"column":19}},"1":{"start":{"line":1,"column":42},"end":{"line":1,"column":null}},"2":{"start":{"line":2,"column":24},"end":{"line":2,"column":null}},"3":{"start":{"line":3,"column":21},"end":{"line":3,"column":null}},"4":{"start":{"line":4,"column":28},"end":{"line":4,"column":null}},"5":{"start":{"line":5,"column":24},"end":{"line":5,"column":null}},"6":{"start":{"line":6,"column":17},"end":{"line":6,"column":null}},"7":{"start":{"line":8,"column":15},"end":{"line":8,"column":null}},"8":{"start":{"line":9,"column":15},"end":{"line":9,"column":null}},"9":{"start":{"line":10,"column":11},"end":{"line":10,"column":null}},"10":{"start":{"line":12,"column":19},"end":{"line":92,"column":null}},"11":{"start":{"line":13,"column":2},"end":{"line":91,"column":null}},"12":{"start":{"line":14,"column":25},"end":{"line":14,"column":53}},"13":{"start":{"line":15,"column":18},"end":{"line":15,"column":null}},"14":{"start":{"line":16,"column":21},"end":{"line":16,"column":null}},"15":{"start":{"line":17,"column":19},"end":{"line":17,"column":null}},"16":{"start":{"line":19,"column":4},"end":{"line":23,"column":null}},"17":{"start":{"line":20,"column":6},"end":{"line":21,"column":null}},"18":{"start":{"line":26,"column":25},"end":{"line":33,"column":null}},"19":{"start":{"line":35,"column":4},"end":{"line":39,"column":null}},"20":{"start":{"line":36,"column":6},"end":{"line":37,"column":null}},"21":{"start":{"line":42,"column":4},"end":{"line":48,"column":null}},"22":{"start":{"line":51,"column":4},"end":{"line":59,"column":null}},"23":{"start":{"line":63,"column":4},"end":{"line":73,"column":null}},"24":{"start":{"line":64,"column":54},"end":{"line":64,"column":null}},"25":{"start":{"line":64,"column":60},"end":{"line":64,"column":null}},"26":{"start":{"line":65,"column":21},"end":{"line":65,"column":null}},"27":{"start":{"line":67,"column":6},"end":{"line":70,"column":null}},"28":{"start":{"line":68,"column":8},"end":{"line":68,"column":null}},"29":{"start":{"line":69,"column":8},"end":{"line":69,"column":null}},"30":{"start":{"line":72,"column":6},"end":{"line":72,"column":null}},"31":{"start":{"line":76,"column":4},"end":{"line":78,"column":null}},"32":{"start":{"line":80,"column":4},"end":{"line":80,"column":null}},"33":{"start":{"line":83,"column":4},"end":{"line":84,"column":null}},"34":{"start":{"line":87,"column":4},"end":{"line":87,"column":null}},"35":{"start":{"line":88,"column":4},"end":{"line":89,"column":null}}},"fnMap":{"0":{"name":"(anonymous_5)","decl":{"start":{"line":12,"column":19},"end":{"line":12,"column":26}},"loc":{"start":{"line":12,"column":26},"end":{"line":92,"column":null}}},"1":{"name":"(anonymous_6)","decl":{"start":{"line":64,"column":60},"end":{"line":64,"column":67}},"loc":{"start":{"line":64,"column":60},"end":{"line":64,"column":null}}}},"branchMap":{"0":{"loc":{"start":{"line":19,"column":4},"end":{"line":23,"column":null}},"type":"if","locations":[{"start":{"line":19,"column":4},"end":{"line":23,"column":null}}]},"1":{"loc":{"start":{"line":19,"column":8},"end":{"line":19,"column":40}},"type":"binary-expr","locations":[{"start":{"line":19,"column":8},"end":{"line":19,"column":18}},{"start":{"line":19,"column":18},"end":{"line":19,"column":31}},{"start":{"line":19,"column":31},"end":{"line":19,"column":40}}]},"2":{"loc":{"start":{"line":35,"column":4},"end":{"line":39,"column":null}},"type":"if","locations":[{"start":{"line":35,"column":4},"end":{"line":39,"column":null}}]},"3":{"loc":{"start":{"line":67,"column":6},"end":{"line":70,"column":null}},"type":"if","locations":[{"start":{"line":67,"column":6},"end":{"line":70,"column":null}}]}},"s":{"0":0,"1":0,"2":0,"3":0,"4":0,"5":0,"6":0,"7":0,"8":0,"9":0,"10":0,"11":0,"12":0,"13":0,"14":0,"15":0,"16":0,"17":0,"18":0,"19":0,"20":0,"21":0,"22":0,"23":0,"24":0,"25":0,"26":0,"27":0,"28":0,"29":0,"30":0,"31":0,"32":0,"33":0,"34":0,"35":0},"f":{"0":0,"1":0},"b":{"0":[0],"1":[0,0,0],"2":[0],"3":[0]}}
,"/Users/ss/bizlink_dev/proworks-app/app/api/files/delete/route.ts": {"path":"/Users/ss/bizlink_dev/proworks-app/app/api/files/delete/route.ts","statementMap":{"0":{"start":{"line":5,"column":13},"end":{"line":5,"column":22}},"1":{"start":{"line":1,"column":42},"end":{"line":1,"column":null}},"2":{"start":{"line":2,"column":27},"end":{"line":2,"column":null}},"3":{"start":{"line":3,"column":52},"end":{"line":3,"column":null}},"4":{"start":{"line":5,"column":22},"end":{"line":76,"column":null}},"5":{"start":{"line":6,"column":2},"end":{"line":75,"column":null}},"6":{"start":{"line":7,"column":20},"end":{"line":7,"column":null}},"7":{"start":{"line":9,"column":4},"end":{"line":14,"column":null}},"8":{"start":{"line":10,"column":6},"end":{"line":12,"column":null}},"9":{"start":{"line":17,"column":29},"end":{"line":17,"column":null}},"10":{"start":{"line":18,"column":20},"end":{"line":18,"column":null}},"11":{"start":{"line":20,"column":4},"end":{"line":25,"column":null}},"12":{"start":{"line":21,"column":6},"end":{"line":23,"column":null}},"13":{"start":{"line":27,"column":4},"end":{"line":30,"column":null}},"14":{"start":{"line":33,"column":19},"end":{"line":33,"column":null}},"15":{"start":{"line":35,"column":4},"end":{"line":40,"column":null}},"16":{"start":{"line":36,"column":6},"end":{"line":38,"column":null}},"17":{"start":{"line":43,"column":31},"end":{"line":44,"column":null}},"18":{"start":{"line":44,"column":14},"end":{"line":44,"column":null}},"19":{"start":{"line":48,"column":4},"end":{"line":50,"column":null}},"20":{"start":{"line":52,"column":4},"end":{"line":56,"column":null}},"21":{"start":{"line":58,"column":4},"end":{"line":61,"column":null}},"22":{"start":{"line":64,"column":4},"end":{"line":64,"column":null}},"23":{"start":{"line":66,"column":23},"end":{"line":66,"column":null}},"24":{"start":{"line":67,"column":4},"end":{"line":69,"column":null}},"25":{"start":{"line":68,"column":6},"end":{"line":68,"column":null}},"26":{"start":{"line":71,"column":4},"end":{"line":73,"column":null}}},"fnMap":{"0":{"name":"(anonymous_1)","decl":{"start":{"line":5,"column":22},"end":{"line":5,"column":29}},"loc":{"start":{"line":5,"column":29},"end":{"line":76,"column":null}}},"1":{"name":"(anonymous_2)","decl":{"start":{"line":44,"column":6},"end":{"line":44,"column":14}},"loc":{"start":{"line":44,"column":14},"end":{"line":44,"column":null}}}},"branchMap":{"0":{"loc":{"start":{"line":9,"column":4},"end":{"line":14,"column":null}},"type":"if","locations":[{"start":{"line":9,"column":4},"end":{"line":14,"column":null}}]},"1":{"loc":{"start":{"line":20,"column":4},"end":{"line":25,"column":null}},"type":"if","locations":[{"start":{"line":20,"column":4},"end":{"line":25,"column":null}}]},"2":{"loc":{"start":{"line":35,"column":4},"end":{"line":40,"column":null}},"type":"if","locations":[{"start":{"line":35,"column":4},"end":{"line":40,"column":null}}]},"3":{"loc":{"start":{"line":67,"column":4},"end":{"line":69,"column":null}},"type":"if","locations":[{"start":{"line":67,"column":4},"end":{"line":69,"column":null}}]}},"s":{"0":0,"1":0,"2":0,"3":0,"4":0,"5":0,"6":0,"7":0,"8":0,"9":0,"10":0,"11":0,"12":0,"13":0,"14":0,"15":0,"16":0,"17":0,"18":0,"19":0,"20":0,"21":0,"22":0,"23":0,"24":0,"25":0,"26":0},"f":{"0":0,"1":0},"b":{"0":[0],"1":[0],"2":[0],"3":[0]}}
,"/Users/ss/bizlink_dev/proworks-app/app/api/files/download/route.ts": {"path":"/Users/ss/bizlink_dev/proworks-app/app/api/files/download/route.ts","statementMap":{"0":{"start":{"line":5,"column":13},"end":{"line":5,"column":19}},"1":{"start":{"line":1,"column":42},"end":{"line":1,"column":null}},"2":{"start":{"line":2,"column":27},"end":{"line":2,"column":null}},"3":{"start":{"line":3,"column":40},"end":{"line":3,"column":null}},"4":{"start":{"line":5,"column":19},"end":{"line":71,"column":null}},"5":{"start":{"line":6,"column":2},"end":{"line":70,"column":null}},"6":{"start":{"line":7,"column":20},"end":{"line":7,"column":null}},"7":{"start":{"line":9,"column":4},"end":{"line":14,"column":null}},"8":{"start":{"line":10,"column":6},"end":{"line":12,"column":null}},"9":{"start":{"line":17,"column":29},"end":{"line":17,"column":null}},"10":{"start":{"line":18,"column":20},"end":{"line":18,"column":null}},"11":{"start":{"line":20,"column":4},"end":{"line":25,"column":null}},"12":{"start":{"line":21,"column":6},"end":{"line":23,"column":null}},"13":{"start":{"line":27,"column":4},"end":{"line":30,"column":null}},"14":{"start":{"line":33,"column":31},"end":{"line":33,"column":null}},"15":{"start":{"line":35,"column":4},"end":{"line":39,"column":null}},"16":{"start":{"line":42,"column":24},"end":{"line":42,"column":null}},"17":{"start":{"line":45,"column":21},"end":{"line":45,"column":null}},"18":{"start":{"line":48,"column":4},"end":{"line":50,"column":null}},"19":{"start":{"line":54,"column":4},"end":{"line":54,"column":null}},"20":{"start":{"line":56,"column":4},"end":{"line":56,"column":null}},"21":{"start":{"line":59,"column":4},"end":{"line":59,"column":null}},"22":{"start":{"line":61,"column":23},"end":{"line":61,"column":null}},"23":{"start":{"line":62,"column":4},"end":{"line":64,"column":null}},"24":{"start":{"line":63,"column":6},"end":{"line":63,"column":null}},"25":{"start":{"line":66,"column":4},"end":{"line":68,"column":null}}},"fnMap":{"0":{"name":"(anonymous_1)","decl":{"start":{"line":5,"column":19},"end":{"line":5,"column":26}},"loc":{"start":{"line":5,"column":26},"end":{"line":71,"column":null}}}},"branchMap":{"0":{"loc":{"start":{"line":9,"column":4},"end":{"line":14,"column":null}},"type":"if","locations":[{"start":{"line":9,"column":4},"end":{"line":14,"column":null}}]},"1":{"loc":{"start":{"line":20,"column":4},"end":{"line":25,"column":null}},"type":"if","locations":[{"start":{"line":20,"column":4},"end":{"line":25,"column":null}}]},"2":{"loc":{"start":{"line":54,"column":41},"end":{"line":54,"column":null}},"type":"binary-expr","locations":[{"start":{"line":54,"column":41},"end":{"line":54,"column":50}},{"start":{"line":54,"column":54},"end":{"line":54,"column":null}}]},"3":{"loc":{"start":{"line":62,"column":4},"end":{"line":64,"column":null}},"type":"if","locations":[{"start":{"line":62,"column":4},"end":{"line":64,"column":null}}]}},"s":{"0":0,"1":0,"2":0,"3":0,"4":0,"5":0,"6":0,"7":0,"8":0,"9":0,"10":0,"11":0,"12":0,"13":0,"14":0,"15":0,"16":0,"17":0,"18":0,"19":0,"20":0,"21":0,"22":0,"23":0,"24":0,"25":0},"f":{"0":0},"b":{"0":[0],"1":[0],"2":[0,0],"3":[0]}}
,"/Users/ss/bizlink_dev/proworks-app/app/api/files/upload/route.ts": {"path":"/Users/ss/bizlink_dev/proworks-app/app/api/files/upload/route.ts","statementMap":{"0":{"start":{"line":5,"column":13},"end":{"line":5,"column":20}},"1":{"start":{"line":1,"column":42},"end":{"line":1,"column":null}},"2":{"start":{"line":2,"column":27},"end":{"line":2,"column":null}},"3":{"start":{"line":3,"column":36},"end":{"line":3,"column":null}},"4":{"start":{"line":5,"column":20},"end":{"line":86,"column":null}},"5":{"start":{"line":6,"column":2},"end":{"line":85,"column":null}},"6":{"start":{"line":7,"column":20},"end":{"line":7,"column":null}},"7":{"start":{"line":9,"column":4},"end":{"line":14,"column":null}},"8":{"start":{"line":10,"column":6},"end":{"line":12,"column":null}},"9":{"start":{"line":17,"column":21},"end":{"line":17,"column":null}},"10":{"start":{"line":18,"column":17},"end":{"line":18,"column":null}},"11":{"start":{"line":20,"column":4},"end":{"line":25,"column":null}},"12":{"start":{"line":21,"column":6},"end":{"line":23,"column":null}},"13":{"start":{"line":27,"column":4},"end":{"line":32,"column":null}},"14":{"start":{"line":35,"column":25},"end":{"line":39,"column":null}},"15":{"start":{"line":41,"column":4},"end":{"line":46,"column":null}},"16":{"start":{"line":42,"column":6},"end":{"line":44,"column":null}},"17":{"start":{"line":49,"column":20},"end":{"line":49,"column":38}},"18":{"start":{"line":50,"column":4},"end":{"line":55,"column":null}},"19":{"start":{"line":51,"column":6},"end":{"line":53,"column":null}},"20":{"start":{"line":58,"column":25},"end":{"line":58,"column":null}},"21":{"start":{"line":60,"column":4},"end":{"line":64,"column":null}},"22":{"start":{"line":66,"column":4},"end":{"line":71,"column":null}},"23":{"start":{"line":74,"column":4},"end":{"line":74,"column":null}},"24":{"start":{"line":76,"column":23},"end":{"line":76,"column":null}},"25":{"start":{"line":77,"column":4},"end":{"line":79,"column":null}},"26":{"start":{"line":78,"column":6},"end":{"line":78,"column":null}},"27":{"start":{"line":81,"column":4},"end":{"line":83,"column":null}}},"fnMap":{"0":{"name":"(anonymous_1)","decl":{"start":{"line":5,"column":20},"end":{"line":5,"column":27}},"loc":{"start":{"line":5,"column":27},"end":{"line":86,"column":null}}}},"branchMap":{"0":{"loc":{"start":{"line":9,"column":4},"end":{"line":14,"column":null}},"type":"if","locations":[{"start":{"line":9,"column":4},"end":{"line":14,"column":null}}]},"1":{"loc":{"start":{"line":20,"column":4},"end":{"line":25,"column":null}},"type":"if","locations":[{"start":{"line":20,"column":4},"end":{"line":25,"column":null}}]},"2":{"loc":{"start":{"line":41,"column":4},"end":{"line":46,"column":null}},"type":"if","locations":[{"start":{"line":41,"column":4},"end":{"line":46,"column":null}}]},"3":{"loc":{"start":{"line":50,"column":4},"end":{"line":55,"column":null}},"type":"if","locations":[{"start":{"line":50,"column":4},"end":{"line":55,"column":null}}]},"4":{"loc":{"start":{"line":77,"column":4},"end":{"line":79,"column":null}},"type":"if","locations":[{"start":{"line":77,"column":4},"end":{"line":79,"column":null}}]}},"s":{"0":0,"1":0,"2":0,"3":0,"4":0,"5":0,"6":0,"7":0,"8":0,"9":0,"10":0,"11":0,"12":0,"13":0,"14":0,"15":0,"16":0,"17":0,"18":0,"19":0,"20":0,"21":0,"22":0,"23":0,"24":0,"25":0,"26":0,"27":0},"f":{"0":0},"b":{"0":[0],"1":[0],"2":[0],"3":[0],"4":[0]}}
,"/Users/ss/bizlink_dev/proworks-app/app/api/jobs/route.ts": {"path":"/Users/ss/bizlink_dev/proworks-app/app/api/jobs/route.ts","statementMap":{"0":{"start":{"line":4,"column":13},"end":{"line":4,"column":19}},"1":{"start":{"line":1,"column":29},"end":{"line":1,"column":null}},"2":{"start":{"line":2,"column":27},"end":{"line":2,"column":null}},"3":{"start":{"line":4,"column":19},"end":{"line":20,"column":null}},"4":{"start":{"line":5,"column":2},"end":{"line":19,"column":null}},"5":{"start":{"line":7,"column":17},"end":{"line":7,"column":null}},"6":{"start":{"line":9,"column":4},"end":{"line":12,"column":null}},"7":{"start":{"line":14,"column":4},"end":{"line":14,"column":null}},"8":{"start":{"line":15,"column":4},"end":{"line":17,"column":null}}},"fnMap":{"0":{"name":"(anonymous_1)","decl":{"start":{"line":4,"column":19},"end":{"line":4,"column":null}},"loc":{"start":{"line":4,"column":19},"end":{"line":20,"column":null}}}},"branchMap":{},"s":{"0":0,"1":0,"2":0,"3":0,"4":0,"5":0,"6":0,"7":0,"8":0},"f":{"0":0},"b":{}}
,"/Users/ss/bizlink_dev/proworks-app/app/api/jobs/[id]/route.ts": {"path":"/Users/ss/bizlink_dev/proworks-app/app/api/jobs/[id]/route.ts","statementMap":{"0":{"start":{"line":4,"column":13},"end":{"line":4,"column":19}},"1":{"start":{"line":1,"column":42},"end":{"line":1,"column":null}},"2":{"start":{"line":2,"column":27},"end":{"line":2,"column":null}},"3":{"start":{"line":4,"column":19},"end":{"line":26,"column":null}},"4":{"start":{"line":8,"column":2},"end":{"line":25,"column":null}},"5":{"start":{"line":9,"column":19},"end":{"line":9,"column":null}},"6":{"start":{"line":12,"column":16},"end":{"line":12,"column":null}},"7":{"start":{"line":14,"column":2},"end":{"line":16,"column":null}},"8":{"start":{"line":15,"column":6},"end":{"line":15,"column":null}},"9":{"start":{"line":18,"column":4},"end":{"line":18,"column":null}},"10":{"start":{"line":20,"column":4},"end":{"line":20,"column":null}},"11":{"start":{"line":21,"column":4},"end":{"line":23,"column":null}}},"fnMap":{"0":{"name":"(anonymous_1)","decl":{"start":{"line":4,"column":19},"end":{"line":4,"column":null}},"loc":{"start":{"line":6,"column":49},"end":{"line":26,"column":null}}}},"branchMap":{"0":{"loc":{"start":{"line":14,"column":2},"end":{"line":16,"column":null}},"type":"if","locations":[{"start":{"line":14,"column":2},"end":{"line":16,"column":null}}]}},"s":{"0":0,"1":0,"2":0,"3":0,"4":0,"5":0,"6":0,"7":0,"8":0,"9":0,"10":0,"11":0},"f":{"0":0},"b":{"0":[0]}}
,"/Users/ss/bizlink_dev/proworks-app/app/api/me/route.ts": {"path":"/Users/ss/bizlink_dev/proworks-app/app/api/me/route.ts","statementMap":{"0":{"start":{"line":5,"column":13},"end":{"line":5,"column":19}},"1":{"start":{"line":41,"column":13},"end":{"line":41,"column":21}},"2":{"start":{"line":1,"column":47},"end":{"line":1,"column":null}},"3":{"start":{"line":2,"column":27},"end":{"line":2,"column":null}},"4":{"start":{"line":3,"column":52},"end":{"line":3,"column":null}},"5":{"start":{"line":5,"column":19},"end":{"line":39,"column":null}},"6":{"start":{"line":6,"column":2},"end":{"line":38,"column":null}},"7":{"start":{"line":7,"column":20},"end":{"line":7,"column":null}},"8":{"start":{"line":8,"column":4},"end":{"line":8,"column":null}},"9":{"start":{"line":10,"column":4},"end":{"line":13,"column":null}},"10":{"start":{"line":11,"column":6},"end":{"line":11,"column":null}},"11":{"start":{"line":12,"column":6},"end":{"line":12,"column":null}},"12":{"start":{"line":15,"column":4},"end":{"line":15,"column":null}},"13":{"start":{"line":18,"column":19},"end":{"line":18,"column":null}},"14":{"start":{"line":19,"column":4},"end":{"line":19,"column":null}},"15":{"start":{"line":21,"column":4},"end":{"line":24,"column":null}},"16":{"start":{"line":22,"column":6},"end":{"line":22,"column":null}},"17":{"start":{"line":23,"column":6},"end":{"line":23,"column":null}},"18":{"start":{"line":26,"column":4},"end":{"line":26,"column":null}},"19":{"start":{"line":28,"column":4},"end":{"line":28,"column":null}},"20":{"start":{"line":29,"column":4},"end":{"line":29,"column":null}},"21":{"start":{"line":30,"column":4},"end":{"line":33,"column":null}},"22":{"start":{"line":31,"column":6},"end":{"line":31,"column":null}},"23":{"start":{"line":32,"column":6},"end":{"line":32,"column":null}},"24":{"start":{"line":34,"column":4},"end":{"line":36,"column":null}},"25":{"start":{"line":41,"column":21},"end":{"line":72,"column":null}},"26":{"start":{"line":42,"column":2},"end":{"line":71,"column":null}},"27":{"start":{"line":43,"column":20},"end":{"line":43,"column":null}},"28":{"start":{"line":45,"column":4},"end":{"line":47,"column":null}},"29":{"start":{"line":46,"column":6},"end":{"line":46,"column":null}},"30":{"start":{"line":50,"column":19},"end":{"line":50,"column":null}},"31":{"start":{"line":52,"column":4},"end":{"line":54,"column":null}},"32":{"start":{"line":53,"column":6},"end":{"line":53,"column":null}},"33":{"start":{"line":56,"column":17},"end":{"line":56,"column":null}},"34":{"start":{"line":59,"column":4},"end":{"line":59,"column":null}},"35":{"start":{"line":62,"column":26},"end":{"line":62,"column":null}},"36":{"start":{"line":64,"column":4},"end":{"line":64,"column":null}},"37":{"start":{"line":66,"column":4},"end":{"line":66,"column":null}},"38":{"start":{"line":67,"column":4},"end":{"line":69,"column":null}}},"fnMap":{"0":{"name":"(anonymous_3)","decl":{"start":{"line":5,"column":19},"end":{"line":5,"column":null}},"loc":{"start":{"line":5,"column":19},"end":{"line":39,"column":null}}},"1":{"name":"(anonymous_4)","decl":{"start":{"line":41,"column":21},"end":{"line":41,"column":28}},"loc":{"start":{"line":41,"column":28},"end":{"line":72,"column":null}}}},"branchMap":{"0":{"loc":{"start":{"line":10,"column":4},"end":{"line":13,"column":null}},"type":"if","locations":[{"start":{"line":10,"column":4},"end":{"line":13,"column":null}}]},"1":{"loc":{"start":{"line":21,"column":4},"end":{"line":24,"column":null}},"type":"if","locations":[{"start":{"line":21,"column":4},"end":{"line":24,"column":null}}]},"2":{"loc":{"start":{"line":30,"column":4},"end":{"line":33,"column":null}},"type":"if","locations":[{"start":{"line":30,"column":4},"end":{"line":33,"column":null}}]},"3":{"loc":{"start":{"line":45,"column":4},"end":{"line":47,"column":null}},"type":"if","locations":[{"start":{"line":45,"column":4},"end":{"line":47,"column":null}}]},"4":{"loc":{"start":{"line":52,"column":4},"end":{"line":54,"column":null}},"type":"if","locations":[{"start":{"line":52,"column":4},"end":{"line":54,"column":null}}]}},"s":{"0":0,"1":0,"2":0,"3":0,"4":0,"5":0,"6":0,"7":0,"8":0,"9":0,"10":0,"11":0,"12":0,"13":0,"14":0,"15":0,"16":0,"17":0,"18":0,"19":0,"20":0,"21":0,"22":0,"23":0,"24":0,"25":0,"26":0,"27":0,"28":0,"29":0,"30":0,"31":0,"32":0,"33":0,"34":0,"35":0,"36":0,"37":0,"38":0},"f":{"0":0,"1":0},"b":{"0":[0],"1":[0],"2":[0],"3":[0],"4":[0]}}
,"/Users/ss/bizlink_dev/proworks-app/app/api/talents/route.ts": {"path":"/Users/ss/bizlink_dev/proworks-app/app/api/talents/route.ts","statementMap":{"0":{"start":{"line":4,"column":13},"end":{"line":4,"column":20}},"1":{"start":{"line":1,"column":42},"end":{"line":1,"column":null}},"2":{"start":{"line":2,"column":29},"end":{"line":2,"column":null}},"3":{"start":{"line":4,"column":20},"end":{"line":50,"column":null}},"4":{"start":{"line":5,"column":2},"end":{"line":49,"column":null}},"5":{"start":{"line":6,"column":17},"end":{"line":6,"column":null}},"6":{"start":{"line":7,"column":73},"end":{"line":7,"column":null}},"7":{"start":{"line":10,"column":4},"end":{"line":15,"column":null}},"8":{"start":{"line":11,"column":6},"end":{"line":13,"column":null}},"9":{"start":{"line":18,"column":21},"end":{"line":25,"column":null}},"10":{"start":{"line":27,"column":4},"end":{"line":27,"column":null}},"11":{"start":{"line":29,"column":4},"end":{"line":29,"column":null}},"12":{"start":{"line":30,"column":4},"end":{"line":30,"column":null}},"13":{"start":{"line":33,"column":25},"end":{"line":33,"column":null}},"14":{"start":{"line":34,"column":23},"end":{"line":34,"column":null}},"15":{"start":{"line":36,"column":4},"end":{"line":36,"column":null}},"16":{"start":{"line":37,"column":4},"end":{"line":39,"column":null}},"17":{"start":{"line":38,"column":6},"end":{"line":38,"column":null}},"18":{"start":{"line":41,"column":4},"end":{"line":47,"column":null}}},"fnMap":{"0":{"name":"(anonymous_1)","decl":{"start":{"line":4,"column":20},"end":{"line":4,"column":27}},"loc":{"start":{"line":4,"column":27},"end":{"line":50,"column":null}}}},"branchMap":{"0":{"loc":{"start":{"line":10,"column":4},"end":{"line":15,"column":null}},"type":"if","locations":[{"start":{"line":10,"column":4},"end":{"line":15,"column":null}}]},"1":{"loc":{"start":{"line":10,"column":8},"end":{"line":10,"column":82}},"type":"binary-expr","locations":[{"start":{"line":10,"column":8},"end":{"line":10,"column":23}},{"start":{"line":10,"column":23},"end":{"line":10,"column":36}},{"start":{"line":10,"column":36},"end":{"line":10,"column":50}},{"start":{"line":10,"column":50},"end":{"line":10,"column":60}},{"start":{"line":10,"column":60},"end":{"line":10,"column":70}},{"start":{"line":10,"column":70},"end":{"line":10,"column":82}}]},"2":{"loc":{"start":{"line":33,"column":25},"end":{"line":33,"column":null}},"type":"cond-expr","locations":[{"start":{"line":33,"column":50},"end":{"line":33,"column":63}},{"start":{"line":33,"column":66},"end":{"line":33,"column":null}}]},"3":{"loc":{"start":{"line":34,"column":23},"end":{"line":34,"column":null}},"type":"cond-expr","locations":[{"start":{"line":34,"column":48},"end":{"line":34,"column":59}},{"start":{"line":34,"column":62},"end":{"line":34,"column":null}}]},"4":{"loc":{"start":{"line":37,"column":4},"end":{"line":39,"column":null}},"type":"if","locations":[{"start":{"line":37,"column":4},"end":{"line":39,"column":null}}]}},"s":{"0":0,"1":0,"2":0,"3":0,"4":0,"5":0,"6":0,"7":0,"8":0,"9":0,"10":0,"11":0,"12":0,"13":0,"14":0,"15":0,"16":0,"17":0,"18":0},"f":{"0":0},"b":{"0":[0],"1":[0,0,0,0,0,0],"2":[0,0],"3":[0,0],"4":[0]}}
,"/Users/ss/bizlink_dev/proworks-app/app/api/talents/upload/route.ts": {"path":"/Users/ss/bizlink_dev/proworks-app/app/api/talents/upload/route.ts","statementMap":{"0":{"start":{"line":5,"column":13},"end":{"line":5,"column":20}},"1":{"start":{"line":1,"column":42},"end":{"line":1,"column":null}},"2":{"start":{"line":2,"column":27},"end":{"line":2,"column":null}},"3":{"start":{"line":3,"column":75},"end":{"line":3,"column":null}},"4":{"start":{"line":5,"column":20},"end":{"line":48,"column":null}},"5":{"start":{"line":6,"column":2},"end":{"line":47,"column":null}},"6":{"start":{"line":7,"column":20},"end":{"line":7,"column":null}},"7":{"start":{"line":9,"column":4},"end":{"line":11,"column":null}},"8":{"start":{"line":10,"column":6},"end":{"line":10,"column":null}},"9":{"start":{"line":14,"column":19},"end":{"line":14,"column":null}},"10":{"start":{"line":16,"column":4},"end":{"line":18,"column":null}},"11":{"start":{"line":17,"column":6},"end":{"line":17,"column":null}},"12":{"start":{"line":21,"column":21},"end":{"line":21,"column":null}},"13":{"start":{"line":22,"column":17},"end":{"line":22,"column":null}},"14":{"start":{"line":24,"column":4},"end":{"line":26,"column":null}},"15":{"start":{"line":25,"column":6},"end":{"line":25,"column":null}},"16":{"start":{"line":29,"column":20},"end":{"line":29,"column":null}},"17":{"start":{"line":32,"column":4},"end":{"line":32,"column":null}},"18":{"start":{"line":34,"column":4},"end":{"line":39,"column":null}},"19":{"start":{"line":42,"column":4},"end":{"line":42,"column":null}},"20":{"start":{"line":43,"column":4},"end":{"line":45,"column":null}}},"fnMap":{"0":{"name":"(anonymous_1)","decl":{"start":{"line":5,"column":20},"end":{"line":5,"column":27}},"loc":{"start":{"line":5,"column":27},"end":{"line":48,"column":null}}}},"branchMap":{"0":{"loc":{"start":{"line":9,"column":4},"end":{"line":11,"column":null}},"type":"if","locations":[{"start":{"line":9,"column":4},"end":{"line":11,"column":null}}]},"1":{"loc":{"start":{"line":16,"column":4},"end":{"line":18,"column":null}},"type":"if","locations":[{"start":{"line":16,"column":4},"end":{"line":18,"column":null}}]},"2":{"loc":{"start":{"line":24,"column":4},"end":{"line":26,"column":null}},"type":"if","locations":[{"start":{"line":24,"column":4},"end":{"line":26,"column":null}}]}},"s":{"0":0,"1":0,"2":0,"3":0,"4":0,"5":0,"6":0,"7":0,"8":0,"9":0,"10":0,"11":0,"12":0,"13":0,"14":0,"15":0,"16":0,"17":0,"18":0,"19":0,"20":0},"f":{"0":0},"b":{"0":[0],"1":[0],"2":[0]}}
,"/Users/ss/bizlink_dev/proworks-app/lib/auth-client.ts": {"path":"/Users/ss/bizlink_dev/proworks-app/lib/auth-client.ts","statementMap":{"0":{"start":{"line":3,"column":13},"end":{"line":3,"column":26}},"1":{"start":{"line":8,"column":2},"end":{"line":8,"column":8}},"2":{"start":{"line":10,"column":2},"end":{"line":10,"column":9}},"3":{"start":{"line":9,"column":2},"end":{"line":9,"column":8}},"4":{"start":{"line":11,"column":2},"end":{"line":11,"column":12}},"5":{"start":{"line":1,"column":33},"end":{"line":1,"column":null}},"6":{"start":{"line":3,"column":26},"end":{"line":5,"column":null}},"7":{"start":{"line":12,"column":4},"end":{"line":12,"column":null}}},"fnMap":{},"branchMap":{"0":{"loc":{"start":{"line":4,"column":11},"end":{"line":4,"column":null}},"type":"binary-expr","locations":[{"start":{"line":4,"column":11},"end":{"line":4,"column":42}},{"start":{"line":4,"column":46},"end":{"line":4,"column":null}}]}},"s":{"0":0,"1":0,"2":0,"3":0,"4":0,"5":0,"6":0,"7":0},"f":{},"b":{"0":[0,0]}}
,"/Users/ss/bizlink_dev/proworks-app/lib/auth-server.ts": {"path":"/Users/ss/bizlink_dev/proworks-app/lib/auth-server.ts","statementMap":{"0":{"start":{"line":4,"column":13},"end":{"line":4,"column":26}},"1":{"start":{"line":12,"column":13},"end":{"line":12,"column":27}},"2":{"start":{"line":1,"column":21},"end":{"line":1,"column":null}},"3":{"start":{"line":2,"column":24},"end":{"line":2,"column":null}},"4":{"start":{"line":4,"column":26},"end":{"line":10,"column":null}},"5":{"start":{"line":5,"column":18},"end":{"line":7,"column":null}},"6":{"start":{"line":9,"column":2},"end":{"line":9,"column":null}},"7":{"start":{"line":12,"column":27},"end":{"line":20,"column":null}},"8":{"start":{"line":13,"column":18},"end":{"line":13,"column":null}},"9":{"start":{"line":15,"column":2},"end":{"line":17,"column":null}},"10":{"start":{"line":16,"column":4},"end":{"line":16,"column":null}},"11":{"start":{"line":19,"column":2},"end":{"line":19,"column":null}}},"fnMap":{"0":{"name":"(anonymous_3)","decl":{"start":{"line":4,"column":26},"end":{"line":4,"column":null}},"loc":{"start":{"line":4,"column":26},"end":{"line":10,"column":null}}},"1":{"name":"(anonymous_4)","decl":{"start":{"line":12,"column":27},"end":{"line":12,"column":null}},"loc":{"start":{"line":12,"column":27},"end":{"line":20,"column":null}}}},"branchMap":{"0":{"loc":{"start":{"line":15,"column":2},"end":{"line":17,"column":null}},"type":"if","locations":[{"start":{"line":15,"column":2},"end":{"line":17,"column":null}}]}},"s":{"0":0,"1":0,"2":0,"3":0,"4":0,"5":0,"6":0,"7":0,"8":0,"9":0,"10":0,"11":0},"f":{"0":0,"1":0},"b":{"0":[0]}}
,"/Users/ss/bizlink_dev/proworks-app/lib/auth.ts": {"path":"/Users/ss/bizlink_dev/proworks-app/lib/auth.ts","statementMap":{"0":{"start":{"line":20,"column":13},"end":{"line":20,"column":20}},"1":{"start":{"line":106,"column":9},"end":{"line":106,"column":null}},"2":{"start":{"line":1,"column":27},"end":{"line":1,"column":null}},"3":{"start":{"line":2,"column":31},"end":{"line":2,"column":null}},"4":{"start":{"line":3,"column":21},"end":{"line":3,"column":null}},"5":{"start":{"line":4,"column":24},"end":{"line":4,"column":null}},"6":{"start":{"line":5,"column":17},"end":{"line":5,"column":null}},"7":{"start":{"line":6,"column":24},"end":{"line":6,"column":null}},"8":{"start":{"line":7,"column":19},"end":{"line":7,"column":null}},"9":{"start":{"line":9,"column":15},"end":{"line":9,"column":null}},"10":{"start":{"line":10,"column":15},"end":{"line":10,"column":null}},"11":{"start":{"line":11,"column":0},"end":{"line":11,"column":null}},"12":{"start":{"line":13,"column":11},"end":{"line":13,"column":null}},"13":{"start":{"line":16,"column":31},"end":{"line":18,"column":null}},"14":{"start":{"line":17,"column":2},"end":{"line":17,"column":null}},"15":{"start":{"line":20,"column":20},"end":{"line":104,"column":null}},"16":{"start":{"line":32,"column":6},"end":{"line":40,"column":null}},"17":{"start":{"line":33,"column":8},"end":{"line":33,"column":null}},"18":{"start":{"line":34,"column":8},"end":{"line":34,"column":null}},"19":{"start":{"line":35,"column":8},"end":{"line":35,"column":null}},"20":{"start":{"line":36,"column":8},"end":{"line":36,"column":null}},"21":{"start":{"line":37,"column":8},"end":{"line":37,"column":null}},"22":{"start":{"line":38,"column":8},"end":{"line":38,"column":null}},"23":{"start":{"line":39,"column":8},"end":{"line":39,"column":null}},"24":{"start":{"line":48,"column":26},"end":{"line":48,"column":80}},"25":{"start":{"line":49,"column":30},"end":{"line":51,"column":65}},"26":{"start":{"line":54,"column":6},"end":{"line":68,"column":null}},"27":{"start":{"line":55,"column":8},"end":{"line":55,"column":null}},"28":{"start":{"line":56,"column":8},"end":{"line":56,"column":null}},"29":{"start":{"line":57,"column":8},"end":{"line":57,"column":null}},"30":{"start":{"line":58,"column":8},"end":{"line":58,"column":null}},"31":{"start":{"line":59,"column":8},"end":{"line":59,"column":null}},"32":{"start":{"line":60,"column":8},"end":{"line":60,"column":null}},"33":{"start":{"line":61,"column":8},"end":{"line":61,"column":null}},"34":{"start":{"line":62,"column":8},"end":{"line":62,"column":null}},"35":{"start":{"line":63,"column":8},"end":{"line":63,"column":null}},"36":{"start":{"line":64,"column":8},"end":{"line":64,"column":null}},"37":{"start":{"line":65,"column":8},"end":{"line":65,"column":null}},"38":{"start":{"line":66,"column":8},"end":{"line":66,"column":null}},"39":{"start":{"line":67,"column":8},"end":{"line":67,"column":null}}},"fnMap":{"0":{"name":"(anonymous_7)","decl":{"start":{"line":16,"column":31},"end":{"line":16,"column":null}},"loc":{"start":{"line":16,"column":31},"end":{"line":18,"column":null}}},"1":{"name":"(anonymous_8)","decl":{"start":{"line":30,"column":23},"end":{"line":30,"column":30}},"loc":{"start":{"line":30,"column":43},"end":{"line":41,"column":null}}},"2":{"name":"(anonymous_9)","decl":{"start":{"line":46,"column":27},"end":{"line":46,"column":34}},"loc":{"start":{"line":46,"column":54},"end":{"line":91,"column":null}}}},"branchMap":{"0":{"loc":{"start":{"line":24,"column":11},"end":{"line":24,"column":null}},"type":"binary-expr","locations":[{"start":{"line":24,"column":11},"end":{"line":24,"column":42}},{"start":{"line":24,"column":46},"end":{"line":24,"column":null}}]},"1":{"loc":{"start":{"line":32,"column":6},"end":{"line":40,"column":null}},"type":"if","locations":[{"start":{"line":32,"column":6},"end":{"line":40,"column":null}}]},"2":{"loc":{"start":{"line":49,"column":30},"end":{"line":51,"column":65}},"type":"cond-expr","locations":[{"start":{"line":50,"column":10},"end":{"line":50,"column":null}},{"start":{"line":51,"column":10},"end":{"line":51,"column":65}}]},"3":{"loc":{"start":{"line":54,"column":6},"end":{"line":68,"column":null}},"type":"if","locations":[{"start":{"line":54,"column":6},"end":{"line":68,"column":null}}]}},"s":{"0":0,"1":0,"2":0,"3":0,"4":0,"5":0,"6":0,"7":0,"8":0,"9":0,"10":0,"11":0,"12":0,"13":0,"14":0,"15":0,"16":0,"17":0,"18":0,"19":0,"20":0,"21":0,"22":0,"23":0,"24":0,"25":0,"26":0,"27":0,"28":0,"29":0,"30":0,"31":0,"32":0,"33":0,"34":0,"35":0,"36":0,"37":0,"38":0,"39":0},"f":{"0":0,"1":0,"2":0},"b":{"0":[0,0],"1":[0],"2":[0,0],"3":[0]}}
,"/Users/ss/bizlink_dev/proworks-app/lib/utils.ts": {"path":"/Users/ss/bizlink_dev/proworks-app/lib/utils.ts","statementMap":{"0":{"start":{"line":4,"column":16},"end":{"line":4,"column":19}},"1":{"start":{"line":1,"column":38},"end":{"line":1,"column":null}},"2":{"start":{"line":2,"column":24},"end":{"line":2,"column":null}},"3":{"start":{"line":5,"column":2},"end":{"line":5,"column":null}}},"fnMap":{"0":{"name":"cn","decl":{"start":{"line":4,"column":16},"end":{"line":4,"column":19}},"loc":{"start":{"line":4,"column":42},"end":{"line":6,"column":null}}}},"branchMap":{},"s":{"0":5,"1":1,"2":1,"3":5},"f":{"0":5},"b":{}}
,"/Users/ss/bizlink_dev/proworks-app/lib/db/schema.ts": {"path":"/Users/ss/bizlink_dev/proworks-app/lib/db/schema.ts","statementMap":{"0":{"start":{"line":26,"column":13},"end":{"line":26,"column":23}},"1":{"start":{"line":13,"column":13},"end":{"line":13,"column":23}},"2":{"start":{"line":3,"column":13},"end":{"line":3,"column":20}},"3":{"start":{"line":44,"column":13},"end":{"line":44,"column":28}},"4":{"start":{"line":1,"column":43},"end":{"line":1,"column":null}},"5":{"start":{"line":3,"column":20},"end":{"line":11,"column":null}},"6":{"start":{"line":13,"column":23},"end":{"line":24,"column":null}},"7":{"start":{"line":23,"column":22},"end":{"line":23,"column":29}},"8":{"start":{"line":26,"column":23},"end":{"line":42,"column":null}},"9":{"start":{"line":32,"column":22},"end":{"line":32,"column":29}},"10":{"start":{"line":44,"column":28},"end":{"line":51,"column":null}}},"fnMap":{"0":{"name":"(anonymous_5)","decl":{"start":{"line":23,"column":16},"end":{"line":23,"column":22}},"loc":{"start":{"line":23,"column":22},"end":{"line":23,"column":29}}},"1":{"name":"(anonymous_6)","decl":{"start":{"line":32,"column":16},"end":{"line":32,"column":22}},"loc":{"start":{"line":32,"column":22},"end":{"line":32,"column":29}}}},"branchMap":{},"s":{"0":0,"1":0,"2":0,"3":0,"4":0,"5":0,"6":0,"7":0,"8":0,"9":0,"10":0},"f":{"0":0,"1":0},"b":{}}
,"/Users/ss/bizlink_dev/proworks-app/lib/kintone/client.ts": {"path":"/Users/ss/bizlink_dev/proworks-app/lib/kintone/client.ts","statementMap":{"0":{"start":{"line":42,"column":13},"end":{"line":42,"column":39}},"1":{"start":{"line":31,"column":13},"end":{"line":31,"column":31}},"2":{"start":{"line":4,"column":13},"end":{"line":4,"column":34}},"3":{"start":{"line":84,"column":13},"end":{"line":84,"column":25}},"4":{"start":{"line":1,"column":37},"end":{"line":1,"column":null}},"5":{"start":{"line":4,"column":34},"end":{"line":28,"column":null}},"6":{"start":{"line":5,"column":18},"end":{"line":5,"column":46}},"7":{"start":{"line":6,"column":19},"end":{"line":6,"column":55}},"8":{"start":{"line":8,"column":2},"end":{"line":11,"column":null}},"9":{"start":{"line":9,"column":4},"end":{"line":9,"column":null}},"10":{"start":{"line":10,"column":4},"end":{"line":10,"column":null}},"11":{"start":{"line":13,"column":2},"end":{"line":16,"column":null}},"12":{"start":{"line":14,"column":4},"end":{"line":14,"column":null}},"13":{"start":{"line":15,"column":4},"end":{"line":15,"column":null}},"14":{"start":{"line":18,"column":2},"end":{"line":18,"column":null}},"15":{"start":{"line":19,"column":2},"end":{"line":19,"column":null}},"16":{"start":{"line":20,"column":2},"end":{"line":20,"column":null}},"17":{"start":{"line":22,"column":2},"end":{"line":27,"column":null}},"18":{"start":{"line":31,"column":31},"end":{"line":38,"column":null}},"19":{"start":{"line":32,"column":2},"end":{"line":37,"column":null}},"20":{"start":{"line":42,"column":39},"end":{"line":81,"column":null}},"21":{"start":{"line":43,"column":18},"end":{"line":43,"column":46}},"22":{"start":{"line":44,"column":27},"end":{"line":44,"column":68}},"23":{"start":{"line":45,"column":22},"end":{"line":45,"column":58}},"24":{"start":{"line":46,"column":19},"end":{"line":46,"column":52}},"25":{"start":{"line":48,"column":2},"end":{"line":51,"column":null}},"26":{"start":{"line":49,"column":4},"end":{"line":49,"column":null}},"27":{"start":{"line":50,"column":4},"end":{"line":50,"column":null}},"28":{"start":{"line":53,"column":2},"end":{"line":56,"column":null}},"29":{"start":{"line":54,"column":4},"end":{"line":54,"column":null}},"30":{"start":{"line":55,"column":4},"end":{"line":55,"column":null}},"31":{"start":{"line":58,"column":2},"end":{"line":61,"column":null}},"32":{"start":{"line":59,"column":4},"end":{"line":59,"column":null}},"33":{"start":{"line":60,"column":4},"end":{"line":60,"column":null}},"34":{"start":{"line":63,"column":2},"end":{"line":66,"column":null}},"35":{"start":{"line":64,"column":4},"end":{"line":64,"column":null}},"36":{"start":{"line":65,"column":4},"end":{"line":65,"column":null}},"37":{"start":{"line":69,"column":24},"end":{"line":69,"column":null}},"38":{"start":{"line":71,"column":2},"end":{"line":71,"column":null}},"39":{"start":{"line":72,"column":2},"end":{"line":72,"column":null}},"40":{"start":{"line":73,"column":2},"end":{"line":73,"column":null}},"41":{"start":{"line":75,"column":2},"end":{"line":80,"column":null}},"42":{"start":{"line":84,"column":25},"end":{"line":114,"column":null}},"43":{"start":{"line":85,"column":22},"end":{"line":85,"column":55}},"44":{"start":{"line":86,"column":19},"end":{"line":86,"column":49}},"45":{"start":{"line":87,"column":27},"end":{"line":87,"column":65}},"46":{"start":{"line":89,"column":2},"end":{"line":92,"column":null}},"47":{"start":{"line":90,"column":4},"end":{"line":90,"column":null}},"48":{"start":{"line":91,"column":4},"end":{"line":91,"column":null}},"49":{"start":{"line":94,"column":2},"end":{"line":97,"column":null}},"50":{"start":{"line":95,"column":4},"end":{"line":95,"column":null}},"51":{"start":{"line":96,"column":4},"end":{"line":96,"column":null}},"52":{"start":{"line":99,"column":2},"end":{"line":102,"column":null}},"53":{"start":{"line":100,"column":4},"end":{"line":100,"column":null}},"54":{"start":{"line":101,"column":4},"end":{"line":101,"column":null}},"55":{"start":{"line":104,"column":2},"end":{"line":104,"column":null}},"56":{"start":{"line":105,"column":2},"end":{"line":105,"column":null}},"57":{"start":{"line":106,"column":2},"end":{"line":106,"column":null}},"58":{"start":{"line":107,"column":2},"end":{"line":107,"column":null}},"59":{"start":{"line":109,"column":2},"end":{"line":113,"column":null}}},"fnMap":{"0":{"name":"(anonymous_5)","decl":{"start":{"line":4,"column":34},"end":{"line":4,"column":null}},"loc":{"start":{"line":4,"column":34},"end":{"line":28,"column":null}}},"1":{"name":"(anonymous_6)","decl":{"start":{"line":31,"column":31},"end":{"line":31,"column":null}},"loc":{"start":{"line":31,"column":31},"end":{"line":38,"column":null}}},"2":{"name":"(anonymous_7)","decl":{"start":{"line":42,"column":39},"end":{"line":42,"column":null}},"loc":{"start":{"line":42,"column":39},"end":{"line":81,"column":null}}},"3":{"name":"(anonymous_8)","decl":{"start":{"line":84,"column":25},"end":{"line":84,"column":null}},"loc":{"start":{"line":84,"column":25},"end":{"line":114,"column":null}}}},"branchMap":{"0":{"loc":{"start":{"line":8,"column":2},"end":{"line":11,"column":null}},"type":"if","locations":[{"start":{"line":8,"column":2},"end":{"line":11,"column":null}}]},"1":{"loc":{"start":{"line":13,"column":2},"end":{"line":16,"column":null}},"type":"if","locations":[{"start":{"line":13,"column":2},"end":{"line":16,"column":null}}]},"2":{"loc":{"start":{"line":48,"column":2},"end":{"line":51,"column":null}},"type":"if","locations":[{"start":{"line":48,"column":2},"end":{"line":51,"column":null}}]},"3":{"loc":{"start":{"line":53,"column":2},"end":{"line":56,"column":null}},"type":"if","locations":[{"start":{"line":53,"column":2},"end":{"line":56,"column":null}}]},"4":{"loc":{"start":{"line":58,"column":2},"end":{"line":61,"column":null}},"type":"if","locations":[{"start":{"line":58,"column":2},"end":{"line":61,"column":null}}]},"5":{"loc":{"start":{"line":63,"column":2},"end":{"line":66,"column":null}},"type":"if","locations":[{"start":{"line":63,"column":2},"end":{"line":66,"column":null}}]},"6":{"loc":{"start":{"line":89,"column":2},"end":{"line":92,"column":null}},"type":"if","locations":[{"start":{"line":89,"column":2},"end":{"line":92,"column":null}}]},"7":{"loc":{"start":{"line":94,"column":2},"end":{"line":97,"column":null}},"type":"if","locations":[{"start":{"line":94,"column":2},"end":{"line":97,"column":null}}]},"8":{"loc":{"start":{"line":99,"column":2},"end":{"line":102,"column":null}},"type":"if","locations":[{"start":{"line":99,"column":2},"end":{"line":102,"column":null}}]}},"s":{"0":4,"1":4,"2":4,"3":4,"4":4,"5":4,"6":0,"7":0,"8":0,"9":0,"10":0,"11":0,"12":0,"13":0,"14":0,"15":0,"16":0,"17":0,"18":4,"19":0,"20":4,"21":0,"22":0,"23":0,"24":0,"25":0,"26":0,"27":0,"28":0,"29":0,"30":0,"31":0,"32":0,"33":0,"34":0,"35":0,"36":0,"37":0,"38":0,"39":0,"40":0,"41":0,"42":4,"43":0,"44":0,"45":0,"46":0,"47":0,"48":0,"49":0,"50":0,"51":0,"52":0,"53":0,"54":0,"55":0,"56":0,"57":0,"58":0,"59":0},"f":{"0":0,"1":0,"2":0,"3":0},"b":{"0":[0],"1":[0],"2":[0],"3":[0],"4":[0],"5":[0],"6":[0],"7":[0],"8":[0]}}
,"/Users/ss/bizlink_dev/proworks-app/lib/kintone/services/application.ts": {"path":"/Users/ss/bizlink_dev/proworks-app/lib/kintone/services/application.ts","statementMap":{"0":{"start":{"line":63,"column":13},"end":{"line":63,"column":41}},"1":{"start":{"line":36,"column":13},"end":{"line":36,"column":33}},"2":{"start":{"line":18,"column":13},"end":{"line":18,"column":43}},"3":{"start":{"line":1,"column":51},"end":{"line":1,"column":null}},"4":{"start":{"line":5,"column":33},"end":{"line":15,"column":null}},"5":{"start":{"line":6,"column":2},"end":{"line":14,"column":null}},"6":{"start":{"line":18,"column":43},"end":{"line":33,"column":null}},"7":{"start":{"line":19,"column":17},"end":{"line":19,"column":null}},"8":{"start":{"line":20,"column":16},"end":{"line":20,"column":39}},"9":{"start":{"line":22,"column":2},"end":{"line":32,"column":null}},"10":{"start":{"line":23,"column":21},"end":{"line":26,"column":null}},"11":{"start":{"line":28,"column":4},"end":{"line":28,"column":null}},"12":{"start":{"line":28,"column":44},"end":{"line":28,"column":null}},"13":{"start":{"line":30,"column":4},"end":{"line":30,"column":null}},"14":{"start":{"line":31,"column":4},"end":{"line":31,"column":null}},"15":{"start":{"line":36,"column":33},"end":{"line":60,"column":null}},"16":{"start":{"line":40,"column":17},"end":{"line":40,"column":null}},"17":{"start":{"line":41,"column":16},"end":{"line":41,"column":39}},"18":{"start":{"line":43,"column":2},"end":{"line":59,"column":null}},"19":{"start":{"line":44,"column":21},"end":{"line":51,"column":null}},"20":{"start":{"line":53,"column":4},"end":{"line":53,"column":null}},"21":{"start":{"line":55,"column":4},"end":{"line":55,"column":null}},"22":{"start":{"line":57,"column":4},"end":{"line":57,"column":null}},"23":{"start":{"line":58,"column":4},"end":{"line":58,"column":null}},"24":{"start":{"line":63,"column":41},"end":{"line":81,"column":null}},"25":{"start":{"line":67,"column":17},"end":{"line":67,"column":null}},"26":{"start":{"line":68,"column":16},"end":{"line":68,"column":39}},"27":{"start":{"line":70,"column":2},"end":{"line":80,"column":null}},"28":{"start":{"line":71,"column":21},"end":{"line":74,"column":null}},"29":{"start":{"line":76,"column":4},"end":{"line":76,"column":null}},"30":{"start":{"line":78,"column":4},"end":{"line":78,"column":null}},"31":{"start":{"line":79,"column":4},"end":{"line":79,"column":null}}},"fnMap":{"0":{"name":"(anonymous_4)","decl":{"start":{"line":5,"column":33},"end":{"line":5,"column":34}},"loc":{"start":{"line":5,"column":34},"end":{"line":15,"column":null}}},"1":{"name":"(anonymous_5)","decl":{"start":{"line":18,"column":43},"end":{"line":18,"column":50}},"loc":{"start":{"line":18,"column":50},"end":{"line":33,"column":null}}},"2":{"name":"(anonymous_6)","decl":{"start":{"line":28,"column":32},"end":{"line":28,"column":33}},"loc":{"start":{"line":28,"column":44},"end":{"line":28,"column":null}}},"3":{"name":"(anonymous_7)","decl":{"start":{"line":36,"column":33},"end":{"line":36,"column":40}},"loc":{"start":{"line":36,"column":40},"end":{"line":60,"column":null}}},"4":{"name":"(anonymous_8)","decl":{"start":{"line":63,"column":41},"end":{"line":63,"column":null}},"loc":{"start":{"line":65,"column":2},"end":{"line":81,"column":null}}}},"branchMap":{},"s":{"0":3,"1":2,"2":3,"3":1,"4":1,"5":2,"6":1,"7":3,"8":3,"9":3,"10":3,"11":2,"12":2,"13":1,"14":1,"15":1,"16":2,"17":2,"18":2,"19":2,"20":1,"21":1,"22":1,"23":1,"24":1,"25":3,"26":3,"27":3,"28":3,"29":2,"30":1,"31":1},"f":{"0":2,"1":3,"2":2,"3":2,"4":3},"b":{}}
,"/Users/ss/bizlink_dev/proworks-app/lib/kintone/services/file.ts": {"path":"/Users/ss/bizlink_dev/proworks-app/lib/kintone/services/file.ts","statementMap":{"0":{"start":{"line":84,"column":13},"end":{"line":84,"column":39}},"1":{"start":{"line":213,"column":13},"end":{"line":213,"column":30}},"2":{"start":{"line":137,"column":13},"end":{"line":137,"column":38}},"3":{"start":{"line":201,"column":13},"end":{"line":201,"column":31}},"4":{"start":{"line":20,"column":13},"end":{"line":20,"column":35}},"5":{"start":{"line":1,"column":35},"end":{"line":1,"column":null}},"6":{"start":{"line":20,"column":35},"end":{"line":79,"column":null}},"7":{"start":{"line":23,"column":17},"end":{"line":23,"column":null}},"8":{"start":{"line":25,"column":2},"end":{"line":78,"column":null}},"9":{"start":{"line":27,"column":25},"end":{"line":31,"column":null}},"10":{"start":{"line":33,"column":4},"end":{"line":35,"column":null}},"11":{"start":{"line":34,"column":6},"end":{"line":34,"column":null}},"12":{"start":{"line":38,"column":20},"end":{"line":38,"column":38}},"13":{"start":{"line":39,"column":4},"end":{"line":41,"column":null}},"14":{"start":{"line":40,"column":6},"end":{"line":40,"column":null}},"15":{"start":{"line":43,"column":4},"end":{"line":43,"column":null}},"16":{"start":{"line":46,"column":21},"end":{"line":46,"column":null}},"17":{"start":{"line":47,"column":4},"end":{"line":47,"column":null}},"18":{"start":{"line":52,"column":4},"end":{"line":58,"column":null}},"19":{"start":{"line":54,"column":6},"end":{"line":54,"column":null}},"20":{"start":{"line":57,"column":6},"end":{"line":57,"column":null}},"21":{"start":{"line":60,"column":21},"end":{"line":65,"column":null}},"22":{"start":{"line":67,"column":4},"end":{"line":67,"column":null}},"23":{"start":{"line":69,"column":4},"end":{"line":74,"column":null}},"24":{"start":{"line":76,"column":4},"end":{"line":76,"column":null}},"25":{"start":{"line":77,"column":4},"end":{"line":77,"column":null}},"26":{"start":{"line":84,"column":39},"end":{"line":132,"column":null}},"27":{"start":{"line":87,"column":17},"end":{"line":87,"column":null}},"28":{"start":{"line":89,"column":2},"end":{"line":131,"column":null}},"29":{"start":{"line":90,"column":4},"end":{"line":90,"column":null}},"30":{"start":{"line":92,"column":21},"end":{"line":94,"column":null}},"31":{"start":{"line":96,"column":4},"end":{"line":96,"column":null}},"32":{"start":{"line":99,"column":19},"end":{"line":99,"column":null}},"33":{"start":{"line":100,"column":31},"end":{"line":100,"column":72}},"34":{"start":{"line":101,"column":4},"end":{"line":106,"column":null}},"35":{"start":{"line":102,"column":28},"end":{"line":102,"column":null}},"36":{"start":{"line":103,"column":6},"end":{"line":105,"column":null}},"37":{"start":{"line":104,"column":8},"end":{"line":104,"column":null}},"38":{"start":{"line":109,"column":24},"end":{"line":109,"column":null}},"39":{"start":{"line":113,"column":4},"end":{"line":122,"column":null}},"40":{"start":{"line":114,"column":6},"end":{"line":114,"column":null}},"41":{"start":{"line":115,"column":11},"end":{"line":122,"column":null}},"42":{"start":{"line":116,"column":6},"end":{"line":116,"column":null}},"43":{"start":{"line":117,"column":11},"end":{"line":122,"column":null}},"44":{"start":{"line":118,"column":6},"end":{"line":118,"column":null}},"45":{"start":{"line":121,"column":6},"end":{"line":121,"column":null}},"46":{"start":{"line":124,"column":4},"end":{"line":127,"column":null}},"47":{"start":{"line":129,"column":4},"end":{"line":129,"column":null}},"48":{"start":{"line":130,"column":4},"end":{"line":130,"column":null}},"49":{"start":{"line":137,"column":38},"end":{"line":196,"column":null}},"50":{"start":{"line":140,"column":2},"end":{"line":142,"column":null}},"51":{"start":{"line":141,"column":4},"end":{"line":141,"column":null}},"52":{"start":{"line":144,"column":2},"end":{"line":195,"column":null}},"53":{"start":{"line":145,"column":4},"end":{"line":145,"column":null}},"54":{"start":{"line":148,"column":29},"end":{"line":185,"column":null}},"55":{"start":{"line":149,"column":6},"end":{"line":184,"column":null}},"56":{"start":{"line":152,"column":23},"end":{"line":152,"column":null}},"57":{"start":{"line":153,"column":25},"end":{"line":155,"column":null}},"58":{"start":{"line":158,"column":23},"end":{"line":158,"column":null}},"59":{"start":{"line":159,"column":35},"end":{"line":159,"column":76}},"60":{"start":{"line":160,"column":8},"end":{"line":165,"column":null}},"61":{"start":{"line":161,"column":32},"end":{"line":161,"column":null}},"62":{"start":{"line":162,"column":10},"end":{"line":164,"column":null}},"63":{"start":{"line":163,"column":12},"end":{"line":163,"column":null}},"64":{"start":{"line":168,"column":30},"end":{"line":168,"column":66}},"65":{"start":{"line":169,"column":25},"end":{"line":169,"column":null}},"66":{"start":{"line":172,"column":28},"end":{"line":172,"column":null}},"67":{"start":{"line":174,"column":8},"end":{"line":179,"column":null}},"68":{"start":{"line":181,"column":8},"end":{"line":181,"column":null}},"69":{"start":{"line":183,"column":8},"end":{"line":183,"column":null}},"70":{"start":{"line":187,"column":20},"end":{"line":187,"column":null}},"71":{"start":{"line":188,"column":25},"end":{"line":188,"column":null}},"72":{"start":{"line":188,"column":72},"end":{"line":188,"column":null}},"73":{"start":{"line":190,"column":4},"end":{"line":190,"column":null}},"74":{"start":{"line":191,"column":4},"end":{"line":191,"column":null}},"75":{"start":{"line":193,"column":4},"end":{"line":193,"column":null}},"76":{"start":{"line":194,"column":4},"end":{"line":194,"column":null}},"77":{"start":{"line":201,"column":31},"end":{"line":208,"column":null}},"78":{"start":{"line":202,"column":2},"end":{"line":206,"column":null}},"79":{"start":{"line":20
[...]
ype":"cond-expr","locations":[{"start":{"line":169,"column":41},"end":{"line":169,"column":71}},{"start":{"line":169,"column":71},"end":{"line":169,"column":null}}]},"14":{"loc":{"start":{"line":172,"column":28},"end":{"line":172,"column":null}},"type":"binary-expr","locations":[{"start":{"line":172,"column":28},"end":{"line":172,"column":62}},{"start":{"line":172,"column":66},"end":{"line":172,"column":null}}]},"15":{"loc":{"start":{"line":202,"column":2},"end":{"line":206,"column":null}},"type":"if","locations":[{"start":{"line":202,"column":2},"end":{"line":206,"column":null}},{"start":{"line":204,"column":9},"end":{"line":206,"column":null}}]},"16":{"loc":{"start":{"line":204,"column":9},"end":{"line":206,"column":null}},"type":"if","locations":[{"start":{"line":204,"column":9},"end":{"line":206,"column":null}}]},"17":{"loc":{"start":{"line":204,"column":13},"end":{"line":204,"column":79}},"type":"binary-expr","locations":[{"start":{"line":204,"column":13},"end":{"line":204,"column":45}},{"start":{"line":204,"column":45},"end":{"line":204,"column":79}}]},"18":{"loc":{"start":{"line":214,"column":2},"end":{"line":214,"column":null}},"type":"if","locations":[{"start":{"line":214,"column":2},"end":{"line":214,"column":null}}]}},"s":{"0":4,"1":7,"2":3,"3":3,"4":5,"5":1,"6":1,"7":5,"8":5,"9":5,"10":5,"11":1,"12":4,"13":4,"14":1,"15":3,"16":3,"17":3,"18":3,"19":3,"20":0,"21":3,"22":2,"23":2,"24":3,"25":3,"26":1,"27":4,"28":4,"29":4,"30":4,"31":3,"32":3,"33":3,"34":3,"35":2,"36":2,"37":2,"38":3,"39":3,"40":2,"41":1,"42":1,"43":0,"44":0,"45":0,"46":3,"47":1,"48":1,"49":1,"50":3,"51":1,"52":2,"53":2,"54":2,"55":5,"56":5,"57":5,"58":4,"59":4,"60":4,"61":4,"62":4,"63":4,"64":4,"65":4,"66":4,"67":4,"68":1,"69":1,"70":2,"71":2,"72":5,"73":2,"74":2,"75":0,"76":0,"77":1,"78":3,"79":1,"80":2,"81":1,"82":1,"83":1,"84":7,"85":1,"86":6,"87":6,"88":6,"89":6},"f":{"0":5,"1":4,"2":3,"3":5,"4":5,"5":3,"6":7},"b":{"0":[1],"1":[1],"2":[3,0],"3":[2],"4":[2],"5":[3,0],"6":[2,1],"7":[1,0],"8":[0,0],"9":[1],"10":[3,3],"11":[4],"12":[4],"13":[4,0],"14":[4,0],"15":[1,2],"16":[1],"17":[2,1],"18":[1]}}
,"/Users/ss/bizlink_dev/proworks-app/lib/kintone/services/job.ts": {"path":"/Users/ss/bizlink_dev/proworks-app/lib/kintone/services/job.ts","statementMap":{"0":{"start":{"line":27,"column":13},"end":{"line":27,"column":26}},"1":{"start":{"line":44,"column":13},"end":{"line":44,"column":26}},"2":{"start":{"line":62,"column":13},"end":{"line":62,"column":29}},"3":{"start":{"line":1,"column":43},"end":{"line":1,"column":null}},"4":{"start":{"line":5,"column":25},"end":{"line":24,"column":null}},"5":{"start":{"line":6,"column":2},"end":{"line":23,"column":null}},"6":{"start":{"line":27,"column":26},"end":{"line":41,"column":null}},"7":{"start":{"line":28,"column":17},"end":{"line":28,"column":null}},"8":{"start":{"line":29,"column":16},"end":{"line":29,"column":31}},"9":{"start":{"line":31,"column":2},"end":{"line":40,"column":null}},"10":{"start":{"line":32,"column":21},"end":{"line":34,"column":null}},"11":{"start":{"line":36,"column":4},"end":{"line":36,"column":null}},"12":{"start":{"line":36,"column":36},"end":{"line":36,"column":null}},"13":{"start":{"line":38,"column":4},"end":{"line":38,"column":null}},"14":{"start":{"line":39,"column":4},"end":{"line":39,"column":null}},"15":{"start":{"line":44,"column":26},"end":{"line":59,"column":null}},"16":{"start":{"line":45,"column":17},"end":{"line":45,"column":null}},"17":{"start":{"line":46,"column":16},"end":{"line":46,"column":31}},"18":{"start":{"line":48,"column":2},"end":{"line":58,"column":null}},"19":{"start":{"line":49,"column":21},"end":{"line":52,"column":null}},"20":{"start":{"line":54,"column":4},"end":{"line":54,"column":null}},"21":{"start":{"line":56,"column":4},"end":{"line":56,"column":null}},"22":{"start":{"line":57,"column":4},"end":{"line":57,"column":null}},"23":{"start":{"line":62,"column":29},"end":{"line":81,"column":null}},"24":{"start":{"line":63,"column":17},"end":{"line":63,"column":null}},"25":{"start":{"line":64,"column":16},"end":{"line":64,"column":31}},"26":{"start":{"line":66,"column":2},"end":{"line":80,"column":null}},"27":{"start":{"line":67,"column":21},"end":{"line":70,"column":null}},"28":{"start":{"line":72,"column":4},"end":{"line":74,"column":null}},"29":{"start":{"line":73,"column":6},"end":{"line":73,"column":null}},"30":{"start":{"line":76,"column":4},"end":{"line":76,"column":null}},"31":{"start":{"line":78,"column":4},"end":{"line":78,"column":null}},"32":{"start":{"line":79,"column":4},"end":{"line":79,"column":null}}},"fnMap":{"0":{"name":"(anonymous_4)","decl":{"start":{"line":5,"column":25},"end":{"line":5,"column":26}},"loc":{"start":{"line":5,"column":26},"end":{"line":24,"column":null}}},"1":{"name":"(anonymous_5)","decl":{"start":{"line":27,"column":26},"end":{"line":27,"column":null}},"loc":{"start":{"line":27,"column":26},"end":{"line":41,"column":null}}},"2":{"name":"(anonymous_6)","decl":{"start":{"line":36,"column":24},"end":{"line":36,"column":25}},"loc":{"start":{"line":36,"column":36},"end":{"line":36,"column":null}}},"3":{"name":"(anonymous_7)","decl":{"start":{"line":44,"column":26},"end":{"line":44,"column":33}},"loc":{"start":{"line":44,"column":33},"end":{"line":59,"column":null}}},"4":{"name":"(anonymous_8)","decl":{"start":{"line":62,"column":29},"end":{"line":62,"column":36}},"loc":{"start":{"line":62,"column":36},"end":{"line":81,"column":null}}}},"branchMap":{"0":{"loc":{"start":{"line":72,"column":4},"end":{"line":74,"column":null}},"type":"if","locations":[{"start":{"line":72,"column":4},"end":{"line":74,"column":null}}]}},"s":{"0":3,"1":3,"2":0,"3":1,"4":1,"5":3,"6":1,"7":3,"8":3,"9":3,"10":3,"11":2,"12":2,"13":1,"14":1,"15":1,"16":3,"17":3,"18":3,"19":3,"20":1,"21":2,"22":2,"23":1,"24":0,"25":0,"26":0,"27":0,"28":0,"29":0,"30":0,"31":0,"32":0},"f":{"0":3,"1":3,"2":2,"3":3,"4":0},"b":{"0":[0]}}
,"/Users/ss/bizlink_dev/proworks-app/lib/kintone/services/talent.ts": {"path":"/Users/ss/bizlink_dev/proworks-app/lib/kintone/services/talent.ts","statementMap":{"0":{"start":{"line":62,"column":13},"end":{"line":62,"column":28}},"1":{"start":{"line":40,"column":13},"end":{"line":40,"column":37}},"2":{"start":{"line":181,"column":13},"end":{"line":181,"column":33}},"3":{"start":{"line":110,"column":13},"end":{"line":110,"column":28}},"4":{"start":{"line":162,"column":13},"end":{"line":162,"column":32}},"5":{"start":{"line":1,"column":46},"end":{"line":1,"column":null}},"6":{"start":{"line":6,"column":28},"end":{"line":37,"column":null}},"7":{"start":{"line":7,"column":2},"end":{"line":36,"column":null}},"8":{"start":{"line":21,"column":53},"end":{"line":26,"column":11}},"9":{"start":{"line":40,"column":37},"end":{"line":59,"column":null}},"10":{"start":{"line":41,"column":17},"end":{"line":41,"column":null}},"11":{"start":{"line":42,"column":16},"end":{"line":42,"column":34}},"12":{"start":{"line":44,"column":2},"end":{"line":58,"column":null}},"13":{"start":{"line":45,"column":21},"end":{"line":48,"column":null}},"14":{"start":{"line":50,"column":4},"end":{"line":52,"column":null}},"15":{"start":{"line":51,"column":6},"end":{"line":51,"column":null}},"16":{"start":{"line":54,"column":4},"end":{"line":54,"column":null}},"17":{"start":{"line":56,"column":4},"end":{"line":56,"column":null}},"18":{"start":{"line":57,"column":4},"end":{"line":57,"column":null}},"19":{"start":{"line":62,"column":28},"end":{"line":107,"column":null}},"20":{"start":{"line":70,"column":17},"end":{"line":70,"column":null}},"21":{"start":{"line":71,"column":16},"end":{"line":71,"column":34}},"22":{"start":{"line":73,"column":2},"end":{"line":106,"column":null}},"23":{"start":{"line":75,"column":21},"end":{"line":77,"column":32}},"24":{"start":{"line":79,"column":21},"end":{"line":90,"column":null}},"25":{"start":{"line":92,"column":4},"end":{"line":92,"column":null}},"26":{"start":{"line":94,"column":4},"end":{"line":94,"column":null}},"27":{"start":{"line":95,"column":4},"end":{"line":95,"column":null}},"28":{"start":{"line":96,"column":4},"end":{"line":104,"column":null}},"29":{"start":{"line":105,"column":4},"end":{"line":105,"column":null}},"30":{"start":{"line":110,"column":28},"end":{"line":159,"column":null}},"31":{"start":{"line":114,"column":17},"end":{"line":114,"column":null}},"32":{"start":{"line":115,"column":16},"end":{"line":115,"column":34}},"33":{"start":{"line":117,"column":53},"end":{"line":117,"column":null}},"34":{"start":{"line":119,"column":2},"end":{"line":119,"column":null}},"35":{"start":{"line":119,"column":35},"end":{"line":119,"column":null}},"36":{"start":{"line":120,"column":2},"end":{"line":120,"column":null}},"37":{"start":{"line":120,"column":36},"end":{"line":120,"column":null}},"38":{"start":{"line":121,"column":2},"end":{"line":121,"column":null}},"39":{"start":{"line":121,"column":35},"end":{"line":121,"column":null}},"40":{"start":{"line":122,"column":2},"end":{"line":122,"column":null}},"41":{"start":{"line":122,"column":39},"end":{"line":122,"column":null}},"42":{"start":{"line":123,"column":2},"end":{"line":123,"column":null}},"43":{"start":{"line":123,"column":32},"end":{"line":123,"column":null}},"44":{"start":{"line":124,"column":2},"end":{"line":124,"column":null}},"45":{"start":{"line":124,"column":36},"end":{"line":124,"column":null}},"46":{"start":{"line":125,"column":2},"end":{"line":125,"column":null}},"47":{"start":{"line":125,"column":37},"end":{"line":125,"column":null}},"48":{"start":{"line":126,"column":2},"end":{"line":126,"column":null}},"49":{"start":{"line":126,"column":34},"end":{"line":126,"column":null}},"50":{"start":{"line":127,"column":2},"end":{"line":127,"column":null}},"51":{"start":{"line":127,"column":32},"end":{"line":127,"column":null}},"52":{"start":{"line":128,"column":2},"end":{"line":128,"column":null}},"53":{"start":{"line":128,"column":33},"end":{"line":128,"column":null}},"54":{"start":{"line":129,"column":2},"end":{"line":129,"column":null}},"55":{"start":{"line":129,"column":37},"end":{"line":129,"column":null}},"56":{"start":{"line":130,"column":2},"end":{"line":138,"column":null}},"57":{"start":{"line":131,"column":4},"end":{"line":137,"column":null}},"58":{"start":{"line":132,"column":43},"end":{"line":136,"column":null}},"59":{"start":{"line":139,"column":2},"end":{"line":139,"column":null}},"60":{"start":{"line":139,"column":39},"end":{"line":139,"column":null}},"61":{"start":{"line":140,"column":2},"end":{"line":140,"column":null}},"62":{"start":{"line":140,"column":40},"end":{"line":140,"column":null}},"63":{"start":{"line":141,"column":2},"end":{"line":141,"column":null}},"64":{"start":{"line":141,"column":38},"end":{"line":141,"column":null}},"65":{"start":{"line":142,"column":2},"end":{"line":142,"column":null}},"66":{"start":{"line":142,"column":42},"end":{"line":142,"column":null}},"67":{"start":{"line":143,"column":2},"end":{"line":143,"column":null}},"68":{"start":{"line":143,"column":41},"end":{"line":143,"column":null}},"69":{"start":{"line":144,"column":2},"end":{"line":144,"column":null}},"70":{"start":{"line":144,"column":43},"end":{"line":144,"column":null}},"71":{"start":{"line":145,"column":2},"end":{"line":145,"column":null}},"72":{"start":{"line":145,"column":38},"end":{"line":145,"column":null}},"73":{"start":{"line":146,"column":2},"end":{"line":146,"column":null}},"74":{"start":{"line":146,"column":38},"end":{"line":146,"column":null}},"75":{"start":{"line":147,"column":2},"end":{"line":147,"column":null}},"76":{"start":{"line":147,"column":40},"end":{"line":147,"column":null}},"77":{"start":{"line":149,"column":2},"end":{"line":158,"column":null}},"78":{"start":{"line":150,"column":4},"end":{"line":154,"column":null}},"79":{"start":{"line":156,"column":4},"end":{"line":156,"column":null}},"80":{"start":{"line":157,"column":4},"end":{"line":157,"column":null}},"81":{"start":{"line":162,"column":32},"end":{"line":178,"column":null}},"82":{"start":{"line":163,"column":17},"end":{"line":163,"column":null}},"83":{"start":{"line":165,"column":2},"end":{"line":177,"column":null}},"84":{"start":{"line":166,"column":21},"end":{"line":171,"column":null}},"85":{"start":{"line":173,"column":4},"end":{"line":173,"column":null}},"86":{"start":{"line":175,"column":4},"end":{"line":175,"column":null}},"87":{"start":{"line":176,"column":4},"end":{"line":176,"column":null}},"88":{"start":{"line":181,"column":33},"end":{"line":199,"column":null}},"89":{"start":{"line":182,"column":17},"end":{"line":182,"column":null}},"90":{"start":{"line":183,"column":16},"end":{"line":183,"column":34}},"91":{"start":{"line":185,"column":2},"end":{"line":198,"column":null}},"92":{"start":{"line":186,"column":4},"end":{"line":194,"column":null}},"93":{"start":{"line":191,"column":40},"end":{"line":191,"column":null}},"94":{"start":{"line":196,"column":4},"end":{"line":196,"column":null}},"95":{"start":{"line":197,"column":4},"end":{"line":197,"column":null}}},"fnMap":{"0":{"name":"(anonymous_6)","decl":{"start":{"line":6,"column":28},"end":{"line":6,"column":29}},"loc":{"start":{"line":6,"column":29},"end":{"line":37,"column":null}}},"1":{"name":"(anonymous_7)","decl":{"start":{"line":21,"column":44},"end":{"line":21,"column":53}},"loc":{"start":{"line":21,"column":53},"end":{"line":26,"column":11}}},"2":{"name":"(anonymous_8)","decl":{"start":{"line":40,"column":37},"end":{"line":40,"column":44}},"loc":{"start":{"line":40,"column":44},"end":{"line":59,"column":null}}},"3":{"name":"(anonymous_9)","decl":{"start":{"line":62,"column":28},"end":{"line":62,"column":35}},"loc":{"start":{"line":62,"column":35},"end":{"line":107,"column":null}}},"4":{"name":"(anonymous_10)","decl":{"start":{"line":110,"column":28},"end":{"line":110,"column":null}},"loc":{"start":{"line":112,"column":2},"end":{"line":159,"column":null}}},"5":{"name":"(anonymous_11)","decl":{"start":{"line":132,"column":34},"end":{"line":132,"column":43}},"loc":{"start":{"line":132,"column":43},"end":{"line":136,"column":null}}},"6":{"name":"(anonymous_12)","decl":{"start":{"line":162,"column":32},"end":{"line":162,"column":39}},"loc":{"start":{"line":162,"column":39},"end":{"line":178,"column":null}}},"7":{"name":"(anonymous_13)","decl":{"start":{"line":181,"column":33},"end":{"line":181,"column":40}},"loc":{"start":{"line":181,"column":58},"end":{"line":199,"column":null}}},"8":{"name":"(anonymous_14)","decl":{"start":{"line":191,"column":30},"end":{"line":191,"column":31}},"loc":{"start":{"line":191,"column":40},"end":{"line":191,"column":null}}}},"branchMap":{"0":{"loc":{"start":{"line":21,"column":17},"end":{"line":26,"column":13}},"type":"binary-expr","locations":[{"start":{"line":21,"column":17},"end":{"line":26,"column":11}},{"start":{"line":26,"column":11},"end":{"line":26,"column":13}}]},"1":{"loc":{"start":{"line":50,"column":4},"end":{"line":52,"column":null}},"type":"if","locations":[{"start":{"line":50,"column":4},"end":{"line":52,"column":null}}]},"2":{"loc":{"start":{"line":75,"column":21},"end":{"line":77,"column":32}},"type":"cond-expr","locations":[{"start":{"line":76,"column":8},"end":{"line":76,"column":null}},{"start":{"line":77,"column":8},"end":{"line":77,"column":32}}]},"3":{"loc":{"start":{"line":75,"column":21},"end":{"line":75,"column":52}},"type":"binary-expr","locations":[{"start":{"line":75,"column":21},"end":{"line":75,"column":34}},{"start":{"line":75,"column":38},"end":{"line":75,"column":52}}]},"4":{"loc":{"start":{"line":119,"column":2},"end":{"line":119,"column":null}},"type":"if","locations":[{"start":{"line":119,"column":2},"end":{"line":119,"column":null}}]},"5":{"loc":{"start":{"line":120,"column":2},"end":{"line":120,"column":null}},"type":"if","locations":[{"start":{"line":120,"column":2},"end":{"line":120,"column":null}}]},"6":{"loc":{"start":{"line":121,"column":2},"end":{"line":121,"column":null}},"type":"if","locations":[{"start":{"line":121,"column":2},"end":{"line":121,"column":null}}]},"7":{"loc":{"start":{"line":122,"column":2},"end":{"line":122,"column":null}},"type":"if","locations":[{"start":{"line":122,"column":2},"end":{"line":122,"column":null}}]},"8":{"loc":{"start":{"line":123,"column":2},"end":{"line":123,"column":null}},"type":"if","locations":[{"start":{"line":123,"column":2},"end":{"line":123,"column":null}}]},"9":{"loc":{"start":{"line":124,"column":2},"end":{"line":124,"column":null}},"type":"if","locations":[{"start":{"line":124,"column":2},"end":{"line":124,"column":null}}]},"10":{"loc":{"start":{"line":125,"column":2},"end":{"line":125,"column":null}},"type":"if","locations":[{"start":{"line":125,"column":2},"end":{"line":125,"column":null}}]},"11":{"loc":{"start":{"line":126,"column":2},"end":{"line":126,"column":null}},"type":"if","locations":[{"start":{"line":126,"column":2},"end":{"line":126,"column":null}}]},"12":{"loc":{"start":{"line":127,"column":2},"end":{"line":127,"column":null}},"type":"if","locations":[{"start":{"line":127,"column":2},"end":{"line":127,"column":null}}]},"13":{"loc":{"start":{"line":128,"column":2},"end":{"line":128,"column":null}},"type":"if","locations":[{"start":{"line":128,"column":2},"end":{"line":128,"column":null}}]},"14":{"loc":{"start":{"line":129,"column":2},"end":{"line":129,"column":null}},"type":"if","locations":[{"start":{"line":129,"column":2},"end":{"line":129,"column":null}}]},"15":{"loc":{"start":{"line":130,"column":2},"end":{"line":138,"column":null}},"type":"if","locations":[{"start":{"line":130,"column":2},"end":{"line":138,"column":null}}]},"16":{"loc":{"start":{"line":139,"column":2},"end":{"line":139,"column":null}},"type":"if","locations":[{"start":{"line":139,"column":2},"end":{"line":139,"column":null}}]},"17":{"loc":{"start":{"line":140,"column":2},"end":{"line":140,"column":null}},"type":"if","locations":[{"start":{"line":140,"column":2},"end":{"line":140,"column":null}}]},"18":{"loc":{"start":{"line":141,"column":2},"end":{"line":141,"column":null}},"type":"if","locations":[{"start":{"line":141,"column":2},"end":{"line":141,"column":null}}]},"19":{"loc":{"start":{"line":142,"column":2},"end":{"line":142,"column":null}},"type":"if","locations":[{"start":{"line":142,"column":2},"end":{"line":142,"column":null}}]},"20":{"loc":{"start":{"line":143,"column":2},"end":{"line":143,"column":null}},"type":"if","locations":[{"start":{"line":143,"column":2},"end":{"line":143,"column":null}}]},"21":{"loc":{"start":{"line":144,"column":2},"end":{"line":144,"column":null}},"type":"if","locations":[{"start":{"line":144,"column":2},"end":{"line":144,"column":null}}]},"22":{"loc":{"start":{"line":145,"column":2},"end":{"line":145,"column":null}},"type":"if","locations":[{"start":{"line":145,"column":2},"end":{"line":145,"column":null}}]},"23":{"loc":{"start":{"line":146,"column":2},"end":{"line":146,"column":null}},"type":"if","locations":[{"start":{"line":146,"column":2},"end":{"line":146,"column":null}}]},"24":{"loc":{"start":{"line":147,"column":2},"end":{"line":147,"column":null}},"type":"if","locations":[{"start":{"line":147,"column":2},"end":{"line":147,"column":null}}]}},"s":{"0":3,"1":4,"2":0,"3":3,"4":0,"5":1,"6":1,"7":2,"8":0,"9":1,"10":4,"11":4,"12":4,"13":4,"14":3,"15":1,"16":2,"17":1,"18":1,"19":1,"20":3,"21":3,"22":3,"23":3,"24":3,"25":2,"26":1,"27":1,"28":1,"29":1,"30":1,"31":3,"32":3,"33":3,"34":3,"35":2,"36":3,"37":1,"38":3,"39":0,"40":3,"41":0,"42":3,"43":1,"44":3,"45":0,"46":3,"47":0,"48":3,"49":0,"50":3,"51":0,"52":3,"53":0,"54":3,"55":0,"56":3,"57":0,"58":0,"59":3,"60":0,"61":3,"62":0,"63":3,"64":0,"65":3,"66":0,"67":3,"68":0,"69":3,"70":0,"71":3,"72":0,"73":3,"74":0,"75":3,"76":0,"77":3,"78":3,"79":1,"80":1,"81":1,"82":0,"83":0,"84":0,"85":0,"86":0,"87":0,"88":1,"89":0,"90":0,"91":0,"92":0,"93":0,"94":0,"95":0},"f":{"0":2,"1":0,"2":4,"3":3,"4":3,"5":0,"6":0,"7":0,"8":0},"b":{"0":[2,1],"1":[1],"2":[2,1],"3":[3,1],"4":[2],"5":[1],"6":[0],"7":[0],"8":[1],"9":[0],"10":[0],"11":[0],"12":[0],"13":[0],"14":[0],"15":[0],"16":[0],"17":[0],"18":[0],"19":[0],"20":[0],"21":[0],"22":[0],"23":[0],"24":[0]}}
}
