TN:
SF:app/api/applications/route.ts
FN:6,(anonymous_1)
FNF:1
FNH:0
FNDA:0,(anonymous_1)
DA:1,0
DA:2,0
DA:3,0
DA:4,0
DA:6,0
DA:7,0
DA:8,0
DA:10,0
DA:11,0
DA:14,0
DA:15,0
DA:18,0
DA:20,0
DA:21,0
DA:25,0
DA:27,0
DA:28,0
DA:32,0
DA:37,0
DA:46,0
DA:47,0
LF:21
LH:0
BRDA:10,0,0,0
BRDA:20,1,0,0
BRDA:27,2,0,0
BRF:3
BRH:0
end_of_record
TN:
SF:app/api/applications/me/route.ts
FN:6,(anonymous_1)
FN:19,(anonymous_2)
FNF:2
FNH:0
FNDA:0,(anonymous_1)
FNDA:0,(anonymous_2)
DA:1,0
DA:2,0
DA:3,0
DA:4,0
DA:6,0
DA:7,0
DA:8,0
DA:10,0
DA:11,0
DA:15,0
DA:18,0
DA:20,0
DA:21,0
DA:28,0
DA:30,0
DA:31,0
LF:16
LH:0
BRDA:10,0,0,0
BRDA:23,1,0,0
BRDA:23,1,1,0
BRF:3
BRH:0
end_of_record
TN:
SF:app/api/auth/[...all]/route.ts
FNF:0
FNH:0
DA:1,0
DA:2,0
DA:4,0
LF:3
LH:0
BRF:0
BRH:0
end_of_record
TN:
SF:app/api/auth/callback/route.ts
FN:5,(anonymous_1)
FNF:1
FNH:0
FNDA:0,(anonymous_1)
DA:1,0
DA:2,0
DA:3,0
DA:5,0
DA:6,0
DA:7,0
DA:9,0
DA:10,0
DA:11,0
DA:14,0
DA:17,0
DA:19,0
DA:21,0
DA:22,0
DA:30,0
DA:32,0
DA:35,0
DA:39,0
DA:41,0
DA:42,0
LF:20
LH:0
BRDA:9,0,0,0
BRDA:9,1,0,0
BRDA:9,1,1,0
BRDA:19,2,0,0
BRDA:19,2,1,0
BRF:5
BRH:0
end_of_record
TN:
SF:app/api/auth/change-email/route.ts
FN:16,(anonymous_5)
FNF:1
FNH:0
FNDA:0,(anonymous_5)
DA:1,0
DA:2,0
DA:4,0
DA:5,0
DA:6,0
DA:7,0
DA:8,0
DA:9,0
DA:12,0
DA:13,0
DA:14,0
DA:16,0
DA:17,0
DA:18,0
DA:19,0
DA:21,0
DA:22,0
DA:23,0
DA:29,0
DA:30,0
DA:31,0
DA:33,0
DA:34,0
DA:35,0
DA:42,0
DA:43,0
DA:44,0
DA:51,0
DA:52,0
DA:59,0
DA:63,0
DA:64,0
DA:72,0
DA:74,0
DA:76,0
DA:85,0
DA:87,0
DA:88,0
DA:89,0
DA:95,0
DA:97,0
DA:98,0
DA:105,0
DA:106,0
DA:109,0
DA:119,0
DA:121,0
DA:122,0
DA:123,0
DA:124,0
DA:125,0
DA:126,0
DA:127,0
DA:128,0
DA:129,0
DA:130,0
DA:131,0
DA:132,0
DA:133,0
DA:138,0
DA:140,0
DA:145,0
DA:146,0
LF:63
LH:0
BRDA:21,0,0,0
BRDA:21,1,0,0
BRDA:21,1,1,0
BRDA:33,2,0,0
BRDA:33,3,0,0
BRDA:33,3,1,0
BRDA:43,4,0,0
BRDA:51,5,0,0
BRDA:63,6,0,0
BRDA:87,7,0,0
BRDA:87,8,0,0
BRDA:87,8,1,0
BRDA:121,9,0,0
BRF:13
BRH:0
end_of_record
TN:
SF:app/api/auth/change-password/route.ts
FN:5,(anonymous_1)
FNF:1
FNH:0
FNDA:0,(anonymous_1)
DA:1,0
DA:2,0
DA:3,0
DA:5,0
DA:6,0
DA:7,0
DA:8,0
DA:10,0
DA:11,0
DA:17,0
DA:18,0
DA:25,0
DA:33,0
DA:34,0
DA:40,0
DA:42,0
DA:47,0
DA:50,0
DA:53,0
DA:54,0
DA:55,0
DA:56,0
DA:57,0
DA:60,0
LF:24
LH:0
BRDA:10,0,0,0
BRDA:10,1,0,0
BRDA:10,1,1,0
BRDA:17,2,0,0
BRDA:33,3,0,0
BRDA:50,4,0,0
BRDA:50,4,1,0
BRDA:54,5,0,0
BRDA:54,5,1,0
BRDA:54,6,0,0
BRDA:54,6,1,0
BRDA:56,7,0,0
BRF:12
BRH:0
end_of_record
TN:
SF:app/api/auth/forgot-password/route.ts
FN:4,(anonymous_1)
FNF:1
FNH:0
FNDA:0,(anonymous_1)
DA:1,0
DA:4,0
DA:5,0
DA:6,0
DA:7,0
DA:9,0
DA:10,0
DA:17,0
DA:19,0
DA:20,0
DA:22,0
DA:23,0
DA:24,0
DA:25,0
DA:26,0
DA:27,0
DA:39,0
DA:44,0
DA:45,0
LF:19
LH:0
BRDA:9,0,0,0
BRDA:17,1,0,0
BRF:2
BRH:0
end_of_record
TN:
SF:app/api/auth/reset-password/route.ts
FN:13,(anonymous_5)
FNF:1
FNH:0
FNDA:0,(anonymous_5)
DA:1,0
DA:2,0
DA:3,0
DA:4,0
DA:5,0
DA:6,0
DA:7,0
DA:9,0
DA:10,0
DA:11,0
DA:13,0
DA:14,0
DA:15,0
DA:16,0
DA:18,0
DA:19,0
DA:26,0
DA:27,0
DA:29,0
DA:30,0
DA:37,0
DA:41,0
DA:42,0
DA:49,0
DA:52,0
DA:57,0
DA:59,0
DA:64,0
DA:65,0
LF:29
LH:0
BRDA:18,0,0,0
BRDA:18,1,0,0
BRDA:18,1,1,0
BRDA:29,2,0,0
BRDA:41,3,0,0
BRF:5
BRH:0
end_of_record
TN:
SF:app/api/auth/signup-with-email/route.ts
FN:5,(anonymous_1)
FNF:1
FNH:0
FNDA:0,(anonymous_1)
DA:1,0
DA:2,0
DA:3,0
DA:5,0
DA:6,0
DA:7,0
DA:8,0
DA:10,0
DA:11,0
DA:18,0
DA:20,0
DA:21,0
DA:24,0
DA:33,0
DA:34,0
DA:36,0
DA:44,0
DA:47,0
DA:48,0
DA:54,0
LF:20
LH:0
BRDA:10,0,0,0
BRDA:47,1,0,0
BRDA:47,2,0,0
BRDA:47,2,1,0
BRDA:47,2,2,0
BRF:5
BRH:0
end_of_record
TN:
SF:app/api/auth/verify-email-change/route.ts
FN:12,(anonymous_5)
FN:64,(anonymous_6)
FNF:2
FNH:0
FNDA:0,(anonymous_5)
FNDA:0,(anonymous_6)
DA:1,0
DA:2,0
DA:3,0
DA:4,0
DA:5,0
DA:6,0
DA:8,0
DA:9,0
DA:10,0
DA:12,0
DA:13,0
DA:14,0
DA:15,0
DA:16,0
DA:17,0
DA:19,0
DA:20,0
DA:26,0
DA:35,0
DA:36,0
DA:42,0
DA:51,0
DA:63,0
DA:64,0
DA:65,0
DA:67,0
DA:68,0
DA:69,0
DA:72,0
DA:76,0
DA:80,0
DA:83,0
DA:87,0
DA:88,0
LF:34
LH:0
BRDA:19,0,0,0
BRDA:19,1,0,0
BRDA:19,1,1,0
BRDA:19,1,2,0
BRDA:35,2,0,0
BRDA:67,3,0,0
BRF:6
BRH:0
end_of_record
TN:
SF:app/api/files/delete/route.ts
FN:5,(anonymous_1)
FN:44,(anonymous_2)
FNF:2
FNH:0
FNDA:0,(anonymous_1)
FNDA:0,(anonymous_2)
DA:1,0
DA:2,0
DA:3,0
DA:5,0
DA:6,0
DA:7,0
DA:9,0
DA:10,0
DA:17,0
DA:18,0
DA:20,0
DA:21,0
DA:27,0
DA:33,0
DA:35,0
DA:36,0
DA:43,0
DA:44,0
DA:48,0
DA:52,0
DA:58,0
DA:64,0
DA:66,0
DA:67,0
DA:68,0
DA:71,0
LF:26
LH:0
BRDA:9,0,0,0
BRDA:20,1,0,0
BRDA:35,2,0,0
BRDA:67,3,0,0
BRF:4
BRH:0
end_of_record
TN:
SF:app/api/files/download/route.ts
FN:5,(anonymous_1)
FNF:1
FNH:0
FNDA:0,(anonymous_1)
DA:1,0
DA:2,0
DA:3,0
DA:5,0
DA:6,0
DA:7,0
DA:9,0
DA:10,0
DA:17,0
DA:18,0
DA:20,0
DA:21,0
DA:27,0
DA:33,0
DA:35,0
DA:42,0
DA:45,0
DA:48,0
DA:54,0
DA:56,0
DA:59,0
DA:61,0
DA:62,0
DA:63,0
DA:66,0
LF:25
LH:0
BRDA:9,0,0,0
BRDA:20,1,0,0
BRDA:54,2,0,0
BRDA:54,2,1,0
BRDA:62,3,0,0
BRF:5
BRH:0
end_of_record
TN:
SF:app/api/files/upload/route.ts
FN:5,(anonymous_1)
FNF:1
FNH:0
FNDA:0,(anonymous_1)
DA:1,0
DA:2,0
DA:3,0
DA:5,0
DA:6,0
DA:7,0
DA:9,0
DA:10,0
DA:17,0
DA:18,0
DA:20,0
DA:21,0
DA:27,0
DA:35,0
DA:41,0
DA:42,0
DA:49,0
DA:50,0
DA:51,0
DA:58,0
DA:60,0
DA:66,0
DA:74,0
DA:76,0
DA:77,0
DA:78,0
DA:81,0
LF:27
LH:0
BRDA:9,0,0,0
BRDA:20,1,0,0
BRDA:41,2,0,0
BRDA:50,3,0,0
BRDA:77,4,0,0
BRF:5
BRH:0
end_of_record
TN:
SF:app/api/jobs/route.ts
FN:4,(anonymous_1)
FNF:1
FNH:0
FNDA:0,(anonymous_1)
DA:1,0
DA:2,0
DA:4,0
DA:5,0
DA:7,0
DA:9,0
DA:14,0
DA:15,0
LF:8
LH:0
BRF:0
BRH:0
end_of_record
TN:
SF:app/api/jobs/[id]/route.ts
FN:4,(anonymous_1)
FNF:1
FNH:0
FNDA:0,(anonymous_1)
DA:1,0
DA:2,0
DA:4,0
DA:8,0
DA:9,0
DA:12,0
DA:14,0
DA:15,0
DA:18,0
DA:20,0
DA:21,0
LF:11
LH:0
BRDA:14,0,0,0
BRF:1
BRH:0
end_of_record
TN:
SF:app/api/me/route.ts
FN:5,(anonymous_3)
FN:41,(anonymous_4)
FNF:2
FNH:0
FNDA:0,(anonymous_3)
FNDA:0,(anonymous_4)
DA:1,0
DA:2,0
DA:3,0
DA:5,0
DA:6,0
DA:7,0
DA:8,0
DA:10,0
DA:11,0
DA:12,0
DA:15,0
DA:18,0
DA:19,0
DA:21,0
DA:22,0
DA:23,0
DA:26,0
DA:28,0
DA:29,0
DA:30,0
DA:31,0
DA:32,0
DA:34,0
DA:41,0
DA:42,0
DA:43,0
DA:45,0
DA:46,0
DA:50,0
DA:52,0
DA:53,0
DA:56,0
DA:59,0
DA:62,0
DA:64,0
DA:66,0
DA:67,0
LF:37
LH:0
BRDA:10,0,0,0
BRDA:21,1,0,0
BRDA:30,2,0,0
BRDA:45,3,0,0
BRDA:52,4,0,0
BRF:5
BRH:0
end_of_record
TN:
SF:app/api/talents/route.ts
FN:4,(anonymous_1)
FNF:1
FNH:0
FNDA:0,(anonymous_1)
DA:1,0
DA:2,0
DA:4,0
DA:5,0
DA:6,0
DA:7,0
DA:10,0
DA:11,0
DA:18,0
DA:27,0
DA:29,0
DA:30,0
DA:33,0
DA:34,0
DA:36,0
DA:37,0
DA:38,0
DA:41,0
LF:18
LH:0
BRDA:10,0,0,0
BRDA:10,1,0,0
BRDA:10,1,1,0
BRDA:10,1,2,0
BRDA:10,1,3,0
BRDA:10,1,4,0
BRDA:10,1,5,0
BRDA:33,2,0,0
BRDA:33,2,1,0
BRDA:34,3,0,0
BRDA:34,3,1,0
BRDA:37,4,0,0
BRF:12
BRH:0
end_of_record
TN:
SF:app/api/talents/upload/route.ts
FN:5,(anonymous_1)
FNF:1
FNH:0
FNDA:0,(anonymous_1)
DA:1,0
DA:2,0
DA:3,0
DA:5,0
DA:6,0
DA:7,0
DA:9,0
DA:10,0
DA:14,0
DA:16,0
DA:17,0
DA:21,0
DA:22,0
DA:24,0
DA:25,0
DA:29,0
DA:32,0
DA:34,0
DA:42,0
DA:43,0
LF:20
LH:0
BRDA:9,0,0,0
BRDA:16,1,0,0
BRDA:24,2,0,0
BRF:3
BRH:0
end_of_record
TN:
SF:lib/auth-client.ts
FNF:0
FNH:0
DA:1,0
DA:3,0
DA:8,0
DA:9,0
DA:10,0
DA:11,0
DA:12,0
LF:7
LH:0
BRDA:4,0,0,0
BRDA:4,0,1,0
BRF:2
BRH:0
end_of_record
TN:
SF:lib/auth-server.ts
FN:4,(anonymous_3)
FN:12,(anonymous_4)
FNF:2
FNH:0
FNDA:0,(anonymous_3)
FNDA:0,(anonymous_4)
DA:1,0
DA:2,0
DA:4,0
DA:5,0
DA:9,0
DA:12,0
DA:13,0
DA:15,0
DA:16,0
DA:19,0
LF:10
LH:0
BRDA:15,0,0,0
BRF:1
BRH:0
end_of_record
TN:
SF:lib/auth.ts
FN:16,(anonymous_7)
FN:30,(anonymous_8)
FN:46,(anonymous_9)
FNF:3
FNH:0
FNDA:0,(anonymous_7)
FNDA:0,(anonymous_8)
FNDA:0,(anonymous_9)
DA:1,0
DA:2,0
DA:3,0
DA:4,0
DA:5,0
DA:6,0
DA:7,0
DA:9,0
DA:10,0
DA:11,0
DA:13,0
DA:16,0
DA:17,0
DA:20,0
DA:32,0
DA:33,0
DA:34,0
DA:35,0
DA:36,0
DA:37,0
DA:38,0
DA:39,0
DA:48,0
DA:49,0
DA:54,0
DA:55,0
DA:56,0
DA:57,0
DA:58,0
DA:59,0
DA:60,0
DA:61,0
DA:62,0
DA:63,0
DA:64,0
DA:65,0
DA:66,0
DA:67,0
DA:106,0
LF:39
LH:0
BRDA:24,0,0,0
BRDA:24,0,1,0
BRDA:32,1,0,0
BRDA:49,2,0,0
BRDA:49,2,1,0
BRDA:54,3,0,0
BRF:6
BRH:0
end_of_record
TN:
SF:lib/utils.ts
FN:4,cn
FNF:1
FNH:1
FNDA:5,cn
DA:1,1
DA:2,1
DA:4,5
DA:5,5
LF:4
LH:4
BRF:0
BRH:0
end_of_record
TN:
SF:lib/db/schema.ts
FN:23,(anonymous_5)
FN:32,(anonymous_6)
FNF:2
FNH:0
FNDA:0,(anonymous_5)
FNDA:0,(anonymous_6)
DA:1,0
DA:3,0
DA:13,0
DA:23,0
DA:26,0
DA:32,0
DA:44,0
LF:7
LH:0
BRF:0
BRH:0
end_of_record
TN:
SF:lib/kintone/client.ts
FN:4,(anonymous_5)
FN:31,(anonymous_6)
FN:42,(anonymous_7)
FN:84,(anonymous_8)
FNF:4
FNH:0
FNDA:0,(anonymous_5)
FNDA:0,(anonymous_6)
FNDA:0,(anonymous_7)
FNDA:0,(anonymous_8)
DA:1,4
DA:4,4
DA:5,0
DA:6,0
DA:8,0
DA:9,0
DA:10,0
DA:13,0
DA:14,0
DA:15,0
DA:18,0
DA:19,0
DA:20,0
DA:22,0
DA:31,4
DA:32,0
DA:42,4
DA:43,0
DA:44,0
DA:45,0
DA:46,0
DA:48,0
DA:49,0
DA:50,0
DA:53,0
DA:54,0
DA:55,0
DA:58,0
DA:59,0
DA:60,0
DA:63,0
DA:64,0
DA:65,0
DA:69,0
DA:71,0
DA:72,0
DA:73,0
DA:75,0
DA:84,4
DA:85,0
DA:86,0
DA:87,0
DA:89,0
DA:90,0
DA:91,0
DA:94,0
DA:95,0
DA:96,0
DA:99,0
DA:100,0
DA:101,0
DA:104,0
DA:105,0
DA:106,0
DA:107,0
DA:109,0
LF:56
LH:5
BRDA:8,0,0,0
BRDA:13,1,0,0
BRDA:48,2,0,0
BRDA:53,3,0,0
BRDA:58,4,0,0
BRDA:63,5,0,0
BRDA:89,6,0,0
BRDA:94,7,0,0
BRDA:99,8,0,0
BRF:9
BRH:0
end_of_record
TN:
SF:lib/kintone/services/application.ts
FN:5,(anonymous_4)
FN:18,(anonymous_5)
FN:28,(anonymous_6)
FN:36,(anonymous_7)
FN:63,(anonymous_8)
FNF:5
FNH:5
FNDA:2,(anonymous_4)
FNDA:3,(anonymous_5)
FNDA:2,(anonymous_6)
FNDA:2,(anonymous_7)
FNDA:3,(anonymous_8)
DA:1,1
DA:5,1
DA:6,2
DA:18,3
DA:19,3
DA:20,3
DA:22,3
DA:23,3
DA:28,2
DA:30,1
DA:31,1
DA:36,2
DA:40,2
DA:41,2
DA:43,2
DA:44,2
DA:53,1
DA:55,1
DA:57,1
DA:58,1
DA:63,3
DA:67,3
DA:68,3
DA:70,3
DA:71,3
DA:76,2
DA:78,1
DA:79,1
LF:28
LH:28
BRF:0
BRH:0
end_of_record
TN:
SF:lib/kintone/services/file.ts
FN:20,(anonymous_6)
FN:84,(anonymous_7)
FN:137,(anonymous_8)
FN:148,(anonymous_9)
FN:188,(anonymous_10)
FN:201,(anonymous_11)
FN:213,(anonymous_12)
FNF:7
FNH:7
FNDA:5,(anonymous_6)
FNDA:4,(anonymous_7)
FNDA:3,(anonymous_8)
FNDA:5,(anonymous_9)
FNDA:5,(anonymous_10)
FNDA:3,(anonymous_11)
FNDA:7,(anonymous_12)
DA:1,1
DA:20,5
DA:23,5
DA:25,5
DA:27,5
DA:33,5
DA:34,1
DA:38,4
DA:39,4
DA:40,1
DA:43,3
DA:46,3
DA:47,3
DA:52,3
DA:54,3
DA:57,0
DA:60,3
DA:67,2
DA:69,2
DA:76,3
DA:77,3
DA:84,4
DA:87,4
DA:89,4
DA:90,4
DA:92,4
DA:96,3
DA:99,3
DA:100,3
DA:101,3
DA:102,2
DA:103,2
DA:104,2
DA:109,3
DA:113,3
DA:114,2
DA:115,1
DA:116,1
DA:117,0
DA:118,0
DA:121,0
DA:124,3
DA:129,1
DA:130,1
DA:137,3
DA:140,3
DA:141,1
DA:144,2
DA:145,2
DA:148,2
DA:149,5
DA:152,5
DA:153,5
DA:158,4
DA:159,4
DA:160,4
DA:161,4
DA:162,4
DA:163,4
DA:168,4
DA:169,4
DA:172,4
DA:174,4
DA:181,1
DA:183,1
DA:187,2
DA:188,5
DA:190,2
DA:191,2
DA:193,0
DA:194,0
DA:201,3
DA:202,3
DA:203,1
DA:204,2
DA:205,1
DA:207,1
DA:213,7
DA:214,7
DA:216,6
DA:217,6
DA:218,6
DA:220,6
LF:83
LH:77
BRDA:33,0,0,1
BRDA:39,1,0,1
BRDA:52,2,0,3
BRDA:52,2,1,0
BRDA:101,3,0,2
BRDA:103,4,0,2
BRDA:109,5,0,3
BRDA:109,5,1,0
BRDA:113,6,0,2
BRDA:113,6,1,1
BRDA:115,7,0,1
BRDA:115,7,1,0
BRDA:117,8,0,0
BRDA:117,8,1,0
BRDA:140,9,0,1
BRDA:140,10,0,3
BRDA:140,10,1,3
BRDA:160,11,0,4
BRDA:162,12,0,4
BRDA:169,13,0,4
BRDA:169,13,1,0
BRDA:172,14,0,4
BRDA:172,14,1,0
BRDA:202,15,0,1
BRDA:202,15,1,2
BRDA:204,16,0,1
BRDA:204,17,0,2
BRDA:204,17,1,1
BRDA:214,18,0,1
BRF:29
BRH:22
end_of_record
TN:
SF:lib/kintone/services/job.ts
FN:5,(anonymous_4)
FN:27,(anonymous_5)
FN:36,(anonymous_6)
FN:44,(anonymous_7)
FN:62,(anonymous_8)
FNF:5
FNH:4
FNDA:3,(anonymous_4)
FNDA:3,(anonymous_5)
FNDA:2,(anonymous_6)
FNDA:3,(anonymous_7)
FNDA:0,(anonymous_8)
DA:1,1
DA:5,1
DA:6,3
DA:27,3
DA:28,3
DA:29,3
DA:31,3
DA:32,3
DA:36,2
DA:38,1
DA:39,1
DA:44,3
DA:45,3
DA:46,3
DA:48,3
DA:49,3
DA:54,1
DA:56,2
DA:57,2
DA:62,1
DA:63,0
DA:64,0
DA:66,0
DA:67,0
DA:72,0
DA:73,0
DA:76,0
DA:78,0
DA:79,0
LF:29
LH:20
BRDA:72,0,0,0
BRF:1
BRH:0
end_of_record
TN:
SF:lib/kintone/services/talent.ts
FN:6,(anonymous_6)
FN:21,(anonymous_7)
FN:40,(anonymous_8)
FN:62,(anonymous_9)
FN:110,(anonymous_10)
FN:132,(anonymous_11)
FN:162,(anonymous_12)
FN:181,(anonymous_13)
FN:191,(anonymous_14)
FNF:9
FNH:4
FNDA:2,(anonymous_6)
FNDA:0,(anonymous_7)
FNDA:4,(anonymous_8)
FNDA:3,(anonymous_9)
FNDA:3,(anonymous_10)
FNDA:0,(anonymous_11)
FNDA:0,(anonymous_12)
FNDA:0,(anonymous_13)
FNDA:0,(anonymous_14)
DA:1,1
DA:6,1
DA:7,2
DA:21,0
DA:40,4
DA:41,4
DA:42,4
DA:44,4
DA:45,4
DA:50,3
DA:51,1
DA:54,2
DA:56,1
DA:57,1
DA:62,3
DA:70,3
DA:71,3
DA:73,3
DA:75,3
DA:79,3
DA:92,2
DA:94,1
DA:95,1
DA:96,1
DA:105,1
DA:110,3
DA:114,3
DA:115,3
DA:117,3
DA:119,3
DA:120,3
DA:121,3
DA:122,3
DA:123,3
DA:124,3
DA:125,3
DA:126,3
DA:127,3
DA:128,3
DA:129,3
DA:130,3
DA:131,0
DA:132,0
DA:139,3
DA:140,3
DA:141,3
DA:142,3
DA:143,3
DA:144,3
DA:145,3
DA:146,3
DA:147,3
DA:149,3
DA:150,3
DA:156,1
DA:157,1
DA:162,1
DA:163,0
DA:165,0
DA:166,0
DA:173,0
DA:175,0
DA:176,0
DA:181,1
DA:182,0
DA:183,0
DA:185,0
DA:186,0
DA:191,0
DA:196,0
DA:197,0
LF:71
LH:55
BRDA:21,0,0,2
BRDA:21,0,1,1
BRDA:50,1,0,1
BRDA:75,2,0,2
BRDA:75,2,1,1
BRDA:75,3,0,3
BRDA:75,3,1,1
BRDA:119,4,0,2
BRDA:120,5,0,1
BRDA:121,6,0,0
BRDA:122,7,0,0
BRDA:123,8,0,1
BRDA:124,9,0,0
BRDA:125,10,0,0
BRDA:126,11,0,0
BRDA:127,12,0,0
BRDA:128,13,0,0
BRDA:129,14,0,0
BRDA:130,15,0,0
BRDA:139,16,0,0
BRDA:140,17,0,0
BRDA:141,18,0,0
BRDA:142,19,0,0
BRDA:143,20,0,0
BRDA:144,21,0,0
BRDA:145,22,0,0
BRDA:146,23,0,0
BRDA:147,24,0,0
BRF:28
BRH:10
end_of_record
